<?xml version="1.0" encoding="UTF-8"?>
<!-- Generated by org.testng.reporters.JUnitXMLReporter -->
<testsuite ignored="0" hostname="DESKTOP-JNU777G" failures="0" tests="4" name="Default test" time="24.434" errors="0" timestamp="2026-02-23T22:19:38 IST">
  <testcase classname="com.Blazedemo.Tests.FlightBookingTest" name="flightbooking" time="4.809"/>
  <testcase classname="com.Blazedemo.Tests.FlightBookingTest" name="verifyMultipleBookings" time="3.261"/>
  <testcase classname="com.Blazedemo.Tests.FlightBookingTest" name="verifyMultipleBookings" time="4.199"/>
  <testcase classname="com.Blazedemo.Tests.FlightBookingTest" name="verifyMultipleBookings" time="2.719"/>
</testsuite> <!-- Default test -->
