<?xml version="1.0" encoding="UTF-8"?>
<!-- Generated by org.testng.reporters.JUnitXMLReporter -->
<testsuite ignored="1" hostname="DESKTOP-JNU777G" failures="0" tests="5" name="Functional Tests" time="21.875" errors="0" timestamp="2026-02-24T16:39:21 IST">
  <testcase classname="com.Blazedemo.Tests.FlightBookingTest" name="TC_02_searchValidCity" time="0.775"/>
  <testcase classname="com.Blazedemo.Tests.FlightBookingTest" name="TC_03_flightBooking" time="2.459"/>
  <testcase classname="com.Blazedemo.Tests.FlightBookingTest" name="TC_04_verifyMultipleBookings" time="2.127"/>
  <testcase classname="com.Blazedemo.Tests.FlightBookingTest" name="TC_04_verifyMultipleBookings" time="2.143"/>
  <testcase classname="com.Blazedemo.Tests.FlightBookingTest" name="TC_04_verifyMultipleBookings" time="2.12"/>
  <testcase classname="com.Blazedemo.Tests.FlightBookingTest" name="TC_01_homepageDropdown" time="0.0">
    <ignored/>
  </testcase> <!-- TC_01_homepageDropdown -->
</testsuite> <!-- Functional Tests -->
