<?xml version="1.0" encoding="UTF-8"?>
<!-- Generated by org.testng.reporters.JUnitXMLReporter -->
<testsuite ignored="1" hostname="DESKTOP-JNU777G" failures="0" tests="4" name="Functional Tests" time="17.594" errors="0" timestamp="2026-02-24T14:07:06 IST">
  <testcase classname="com.Blazedemo.Tests.FlightBookingTest" name="flightbooking" time="2.433"/>
  <testcase classname="com.Blazedemo.Tests.FlightBookingTest" name="verifyMultipleBookings" time="2.407"/>
  <testcase classname="com.Blazedemo.Tests.FlightBookingTest" name="verifyMultipleBookings" time="2.809"/>
  <testcase classname="com.Blazedemo.Tests.FlightBookingTest" name="verifyMultipleBookings" time="2.31"/>
  <testcase classname="com.Blazedemo.Tests.FlightBookingTest" name="homepageDropdown" time="0.0">
    <ignored/>
  </testcase> <!-- homepageDropdown -->
</testsuite> <!-- Functional Tests -->
