<?xml version="1.0" encoding="UTF-8"?>
<!-- Generated by org.testng.reporters.JUnitXMLReporter -->
<testsuite ignored="0" hostname="DESKTOP-JNU777G" failures="4" tests="4" name="Negative Tests" time="15.991" errors="0" timestamp="2026-02-24T16:39:37 IST">
  <testcase classname="com.Blazedemo.Tests.FlightBookingNegativeTest" name="TC_05_testBlankcreditcard" time="2.124">
    <failure type="java.lang.AssertionError" message="Test Fail expected [false] but found [true]">
      <![CDATA[java.lang.AssertionError: Test Fail expected [false] but found [true]
at com.Blazedemo.Tests.FlightBookingNegativeTest.TC_05_testBlankcreditcard(FlightBookingNegativeTest.java:30)
at java.base/java.util.ArrayList.forEach(ArrayList.java:1596)
... Removed 28 stack frames]]>
    </failure>
  </testcase> <!-- TC_05_testBlankcreditcard -->
  <testcase classname="com.Blazedemo.Tests.FlightBookingNegativeTest" name="TC_06_testinvalidcardno" time="2.097">
    <failure type="java.lang.AssertionError" message="Test Fail expected [false] but found [true]">
      <![CDATA[java.lang.AssertionError: Test Fail expected [false] but found [true]
at com.Blazedemo.Tests.FlightBookingNegativeTest.TC_06_testinvalidcardno(FlightBookingNegativeTest.java:51)
at java.base/java.util.ArrayList.forEach(ArrayList.java:1596)
... Removed 28 stack frames]]>
    </failure>
  </testcase> <!-- TC_06_testinvalidcardno -->
  <testcase classname="com.Blazedemo.Tests.FlightBookingNegativeTest" name="TC_07_testEmptyField" time="2.032">
    <failure type="java.lang.AssertionError" message="Test Fail expected [false] but found [true]">
      <![CDATA[java.lang.AssertionError: Test Fail expected [false] but found [true]
at com.Blazedemo.Tests.FlightBookingNegativeTest.TC_07_testEmptyField(FlightBookingNegativeTest.java:72)
at java.base/java.util.ArrayList.forEach(ArrayList.java:1596)
... Removed 28 stack frames]]>
    </failure>
  </testcase> <!-- TC_07_testEmptyField -->
  <testcase classname="com.Blazedemo.Tests.FlightBookingNegativeTest" name="TC_08_testSameCities" time="0.212">
    <failure type="org.openqa.selenium.NoSuchElementException" message="Cannot locate option with text: Boston
For documentation on this error, please visit: https://www.selenium.dev/documentation/webdriver/troubleshooting/errors#nosuchelementexception
Build info: version: &amp;apos;4.38.0&amp;apos;, revision: &amp;apos;6b412e825c*&amp;apos;
System info: os.name: &amp;apos;Windows 11&amp;apos;, os.arch: &amp;apos;amd64&amp;apos;, os.version: &amp;apos;10.0&amp;apos;, java.version: &amp;apos;21.0.10&amp;apos;
Driver info: driver.version: unknown">
      <![CDATA[org.openqa.selenium.NoSuchElementException: Cannot locate option with text: Boston
For documentation on this error, please visit: https://www.selenium.dev/documentation/webdriver/troubleshooting/errors#nosuchelementexception
Build info: version: '4.38.0', revision: '6b412e825c*'
System info: os.name: 'Windows 11', os.arch: 'amd64', os.version: '10.0', java.version: '21.0.10'
Driver info: driver.version: unknown
at org.openqa.selenium.support.ui.Select.selectByVisibleText(Select.java:397)
at org.openqa.selenium.support.ui.Select.selectByVisibleText(Select.java:125)
at com.Blazedemo.Pages.HomePage.selectCities(HomePage.java:63)
at com.Blazedemo.Tests.FlightBookingNegativeTest.TC_08_testSameCities(FlightBookingNegativeTest.java:82)
at java.base/java.util.ArrayList.forEach(ArrayList.java:1596)
... Removed 25 stack frames]]>
    </failure>
  </testcase> <!-- TC_08_testSameCities -->
</testsuite> <!-- Negative Tests -->
