<?xml version="1.0" encoding="UTF-8"?>
<!-- Generated by org.testng.reporters.JUnitXMLReporter -->
<testsuite ignored="3" hostname="DESKTOP-JNU777G" failures="0" tests="1" name="Smoke Tests" time="2.937" errors="0" timestamp="2026-02-24T16:38:59 IST">
  <testcase classname="com.Blazedemo.Tests.FlightBookingTest" name="TC_01_homepageDropdown" time="0.913"/>
  <testcase classname="com.Blazedemo.Tests.FlightBookingTest" name="TC_04_verifyMultipleBookings" time="0.0">
    <ignored/>
  </testcase> <!-- TC_04_verifyMultipleBookings -->
  <testcase classname="com.Blazedemo.Tests.FlightBookingTest" name="TC_02_searchValidCity" time="0.0">
    <ignored/>
  </testcase> <!-- TC_02_searchValidCity -->
  <testcase classname="com.Blazedemo.Tests.FlightBookingTest" name="TC_03_flightBooking" time="0.0">
    <ignored/>
  </testcase> <!-- TC_03_flightBooking -->
</testsuite> <!-- Smoke Tests -->
