<?xml version="1.0" encoding="UTF-8"?>
<!-- Generated by org.testng.reporters.JUnitXMLReporter -->
<testsuite ignored="2" hostname="DESKTOP-JNU777G" failures="0" tests="1" name="Smoke Tests" time="2.841" errors="0" timestamp="2026-02-24T14:06:48 IST">
  <testcase classname="com.Blazedemo.Tests.FlightBookingTest" name="homepageDropdown" time="0.125"/>
  <testcase classname="com.Blazedemo.Tests.FlightBookingTest" name="verifyMultipleBookings" time="0.0">
    <ignored/>
  </testcase> <!-- verifyMultipleBookings -->
  <testcase classname="com.Blazedemo.Tests.FlightBookingTest" name="flightbooking" time="0.0">
    <ignored/>
  </testcase> <!-- flightbooking -->
</testsuite> <!-- Smoke Tests -->
