<!DOCTYPE html PUBLIC "-//W3C//DTD XHTML 1.1//EN" "https://www.w3.org/TR/xhtml11/DTD/xhtml11.dtd">
<html xmlns="https://www.w3.org/1999/xhtml">
<head>
<meta http-equiv="content-type" content="text/html; charset=UTF-8"/>
<title>TestNG Report</title>
<style type="text/css">table {margin-bottom:10px;border-collapse:collapse;empty-cells:show}th,td {border:1px solid #009;padding:.25em .5em}th {vertical-align:bottom}td {vertical-align:top}table a {font-weight:bold}.stripe td {background-color: #E6EBF9}.num {text-align:right}.passedodd td {background-color: #3F3}.passedeven td {background-color: #0A0}.skippedodd td {background-color: #DDD}.skippedeven td {background-color: #CCC}.failedodd td,.attn {background-color: #F33}.failedeven td,.stripe .attn {background-color: #D00}.stacktrace {white-space:pre;font-family:monospace}.totop {font-size:85%;text-align:center;border-bottom:2px solid #000}.invisible {display:none}</style>
</head>
<body>
<table>
<tr><th>Test</th><th># Passed</th><th># Skipped</th><th># Retried</th><th># Failed</th><th>Time (ms)</th><th>Included Groups</th><th>Excluded Groups</th></tr>
<tr><th colspan="8">BlazeDemo Suite</th></tr>
<tr><td><a href="#t0">Smoke Tests</a></td><td class="num">1</td><td class="num">0</td><td class="num">0</td><td class="num">0</td><td class="num">2,841</td><td>Smoke</td><td></td></tr>
<tr class="stripe"><td><a href="#t1">Functional Tests</a></td><td class="num">4</td><td class="num">0</td><td class="num">0</td><td class="num">0</td><td class="num">17,594</td><td>Functional</td><td></td></tr>
<tr><td><a href="#t2">Negative Tests</a></td><td class="num">0</td><td class="num">0</td><td class="num">0</td><td class="num attn">4</td><td class="num">15,602</td><td>Negative</td><td></td></tr>
<tr><th>Total</th><th class="num">5</th><th class="num">0</th><th class="num">0</th><th class="num attn">4</th><th class="num">36,037</th><th colspan="2"></th></tr>
</table>
<table id='summary'><thead><tr><th>Class</th><th>Method</th><th>Start</th><th>Time (ms)</th></tr></thead><tbody><tr><th colspan="4">BlazeDemo Suite</th></tr></tbody><tbody id="t0"><tr><th colspan="4">Smoke Tests &#8212; passed</th></tr><tr class="passedeven"><td rowspan="1">com.Blazedemo.Tests.FlightBookingTest</td><td><a href="#m0">homepageDropdown</a></td><td rowspan="1">1771922208132</td><td rowspan="1">125</td></tr></tbody>
<tbody id="t1"><tr><th colspan="4">Functional Tests &#8212; passed</th></tr><tr class="passedeven"><td rowspan="4">com.Blazedemo.Tests.FlightBookingTest</td><td><a href="#m1">flightbooking</a></td><td rowspan="1">1771922210641</td><td rowspan="1">2433</td></tr><tr class="passedeven"><td><a href="#m2">verifyMultipleBookings</a></td><td rowspan="3">1771922215014</td><td rowspan="3">2407</td></tr><tr class="passedeven"><td><a href="#m3">verifyMultipleBookings</a></td></tr><tr class="passedeven"><td><a href="#m4">verifyMultipleBookings</a></td></tr></tbody>
<tbody id="t2"><tr><th colspan="4">Negative Tests &#8212; failed</th></tr><tr class="failedeven"><td rowspan="4">com.Blazedemo.Tests.FlightBookingNegativeTest</td><td><a href="#m5">testBlankcreditcard</a></td><td rowspan="1">1771922228349</td><td rowspan="1">2209</td></tr><tr class="failedeven"><td><a href="#m6">testEmptyField</a></td><td rowspan="1">1771922232786</td><td rowspan="1">2274</td></tr><tr class="failedeven"><td><a href="#m7">testSameCities</a></td><td rowspan="1">1771922237226</td><td rowspan="1">306</td></tr><tr class="failedeven"><td><a href="#m8">testinvalidcardno</a></td><td rowspan="1">1771922239505</td><td rowspan="1">2324</td></tr></tbody>
</table>
<h2>Smoke Tests</h2><h3 id="m0">com.Blazedemo.Tests.FlightBookingTest#homepageDropdown</h3><table class="result"><tr><th class="invisible"/></tr></table><p class="totop"><a href="#summary">back to summary</a></p>
<h2>Functional Tests</h2><h3 id="m1">com.Blazedemo.Tests.FlightBookingTest#flightbooking</h3><table class="result"><tr><th class="invisible"/></tr></table><p class="totop"><a href="#summary">back to summary</a></p>
<h3 id="m2">com.Blazedemo.Tests.FlightBookingTest#verifyMultipleBookings</h3><table class="result"><tr class="param"><th>Parameter #1</th><th>Parameter #2</th><th>Parameter #3</th><th>Parameter #4</th><th>Parameter #5</th><th>Parameter #6</th><th>Parameter #7</th></tr><tr class="param stripe"><td>Boston</td><td>New York</td><td>Siya</td><td>Street 1</td><td>Delhi</td><td>1234</td><td>Siya</td></tr></table><p class="totop"><a href="#summary">back to summary</a></p>
<h3 id="m3">com.Blazedemo.Tests.FlightBookingTest#verifyMultipleBookings</h3><table class="result"><tr class="param"><th>Parameter #1</th><th>Parameter #2</th><th>Parameter #3</th><th>Parameter #4</th><th>Parameter #5</th><th>Parameter #6</th><th>Parameter #7</th></tr><tr class="param stripe"><td>Paris</td><td>London</td><td>Arun</td><td>Lake View</td><td>Mumbai</td><td>4567</td><td>Arun</td></tr></table><p class="totop"><a href="#summary">back to summary</a></p>
<h3 id="m4">com.Blazedemo.Tests.FlightBookingTest#verifyMultipleBookings</h3><table class="result"><tr class="param"><th>Parameter #1</th><th>Parameter #2</th><th>Parameter #3</th><th>Parameter #4</th><th>Parameter #5</th><th>Parameter #6</th><th>Parameter #7</th></tr><tr class="param stripe"><td>Boston</td><td>London</td><td>Sneha</td><td>Hill Road</td><td>Pune</td><td>7890</td><td>Sneha</td></tr></table><p class="totop"><a href="#summary">back to summary</a></p>
<h2>Negative Tests</h2><h3 id="m5">com.Blazedemo.Tests.FlightBookingNegativeTest#testBlankcreditcard</h3><table class="result"><tr><th>Exception</th></tr><tr><td><div class="stacktrace">java.lang.AssertionError: Test Fail expected [false] but found [true]
	at com.Blazedemo.Tests.FlightBookingNegativeTest.testBlankcreditcard(FlightBookingNegativeTest.java:30)
	at java.base/java.util.ArrayList.forEach(ArrayList.java:1596)
... Removed 28 stack frames</div></td></tr></table><p class="totop"><a href="#summary">back to summary</a></p>
<h3 id="m6">com.Blazedemo.Tests.FlightBookingNegativeTest#testEmptyField</h3><table class="result"><tr><th>Exception</th></tr><tr><td><div class="stacktrace">java.lang.AssertionError: Test Fail expected [false] but found [true]
	at com.Blazedemo.Tests.FlightBookingNegativeTest.testEmptyField(FlightBookingNegativeTest.java:72)
	at java.base/java.util.ArrayList.forEach(ArrayList.java:1596)
... Removed 28 stack frames</div></td></tr></table><p class="totop"><a href="#summary">back to summary</a></p>
<h3 id="m7">com.Blazedemo.Tests.FlightBookingNegativeTest#testSameCities</h3><table class="result"><tr><th>Exception</th></tr><tr><td><div class="stacktrace">org.openqa.selenium.NoSuchElementException: Cannot locate option with text: Boston
For documentation on this error, please visit: https://www.selenium.dev/documentation/webdriver/troubleshooting/errors#nosuchelementexception
Build info: version: &apos;4.38.0&apos;, revision: &apos;6b412e825c*&apos;
System info: os.name: &apos;Windows 11&apos;, os.arch: &apos;amd64&apos;, os.version: &apos;10.0&apos;, java.version: &apos;21.0.10&apos;
Driver info: driver.version: unknown
	at org.openqa.selenium.support.ui.Select.selectByVisibleText(Select.java:397)
	at org.openqa.selenium.support.ui.Select.selectByVisibleText(Select.java:125)
	at com.Blazedemo.Pages.HomePage.selectCities(HomePage.java:63)
	at com.Blazedemo.Tests.FlightBookingNegativeTest.testSameCities(FlightBookingNegativeTest.java:82)
	at java.base/java.util.ArrayList.forEach(ArrayList.java:1596)
... Removed 25 stack frames</div></td></tr></table><p class="totop"><a href="#summary">back to summary</a></p>
<h3 id="m8">com.Blazedemo.Tests.FlightBookingNegativeTest#testinvalidcardno</h3><table class="result"><tr><th>Exception</th></tr><tr><td><div class="stacktrace">java.lang.AssertionError: Test Fail expected [false] but found [true]
	at com.Blazedemo.Tests.FlightBookingNegativeTest.testinvalidcardno(FlightBookingNegativeTest.java:51)
	at java.base/java.util.ArrayList.forEach(ArrayList.java:1596)
... Removed 28 stack frames</div></td></tr></table><p class="totop"><a href="#summary">back to summary</a></p>
</body>
</html>
