<?xml version="1.0" encoding="UTF-8"?>
<testng-results ignored="2" total="10" passed="4" failed="4" skipped="0">
  <reporter-output>
  </reporter-output>
  <suite started-at="2026-02-24T00:35:00 IST" name="BlazeDemo Suite" finished-at="2026-02-24T00:36:12 IST" duration-ms="71817">
    <groups>
      <group name="Functional">
        <method signature="FlightBookingTest.verifyMultipleBookings(java.lang.String,java.lang.String,java.lang.String,java.lang.String,java.lang.String,java.lang.String,java.lang.String)[pri:0, instance:com.Blazedemo.Tests.FlightBookingTest@16c069df]" name="verifyMultipleBookings" class="com.Blazedemo.Tests.FlightBookingTest"/>
      </group> <!-- Functional -->
      <group name="Negative">
        <method signature="FlightBookingNegativeTest.testBlankcreditcard()[pri:0, instance:com.Blazedemo.Tests.FlightBookingNegativeTest@6950ed69]" name="testBlankcreditcard" class="com.Blazedemo.Tests.FlightBookingNegativeTest"/>
        <method signature="FlightBookingNegativeTest.testEmptyField()[pri:0, instance:com.Blazedemo.Tests.FlightBookingNegativeTest@6950ed69]" name="testEmptyField" class="com.Blazedemo.Tests.FlightBookingNegativeTest"/>
        <method signature="FlightBookingNegativeTest.testSameCities()[pri:0, instance:com.Blazedemo.Tests.FlightBookingNegativeTest@6950ed69]" name="testSameCities" class="com.Blazedemo.Tests.FlightBookingNegativeTest"/>
        <method signature="FlightBookingNegativeTest.testinvalidcardno()[pri:0, instance:com.Blazedemo.Tests.FlightBookingNegativeTest@6950ed69]" name="testinvalidcardno" class="com.Blazedemo.Tests.FlightBookingNegativeTest"/>
      </group> <!-- Negative -->
      <group name="Smoke">
        <method signature="FlightBookingTest.flightbooking()[pri:0, instance:com.Blazedemo.Tests.FlightBookingTest@60db1c0e]" name="flightbooking" class="com.Blazedemo.Tests.FlightBookingTest"/>
      </group> <!-- Smoke -->
    </groups>
    <test started-at="2026-02-24T00:35:00 IST" name="Smoke Tests" finished-at="2026-02-24T00:35:10 IST" duration-ms="9386">
      <class name="com.Blazedemo.Tests.FlightBookingTest">
        <test-method is-config="true" signature="setup()[pri:0, instance:com.Blazedemo.Tests.FlightBookingTest@60db1c0e]" started-at="2026-02-24T00:35:00 IST" name="setup" finished-at="2026-02-24T00:35:04 IST" duration-ms="3319" status="PASS">
          <reporter-output>
          </reporter-output>
        </test-method> <!-- setup -->
        <test-method signature="flightbooking()[pri:0, instance:com.Blazedemo.Tests.FlightBookingTest@60db1c0e]" started-at="2026-02-24T00:35:04 IST" name="flightbooking" finished-at="2026-02-24T00:35:09 IST" duration-ms="5715" status="PASS">
          <reporter-output>
          </reporter-output>
        </test-method> <!-- flightbooking -->
        <test-method is-config="true" signature="tearDown()[pri:0, instance:com.Blazedemo.Tests.FlightBookingTest@60db1c0e]" started-at="2026-02-24T00:35:09 IST" name="tearDown" finished-at="2026-02-24T00:35:10 IST" duration-ms="261" status="PASS">
          <reporter-output>
          </reporter-output>
        </test-method> <!-- tearDown -->
      </class> <!-- com.Blazedemo.Tests.FlightBookingTest -->
    </test> <!-- Smoke Tests -->
    <test started-at="2026-02-24T00:35:10 IST" name="Functional Tests" finished-at="2026-02-24T00:35:47 IST" duration-ms="36243">
      <class name="com.Blazedemo.Tests.FlightBookingTest">
        <test-method is-config="true" signature="setup()[pri:0, instance:com.Blazedemo.Tests.FlightBookingTest@16c069df]" started-at="2026-02-24T00:35:10 IST" name="setup" finished-at="2026-02-24T00:35:19 IST" duration-ms="8471" status="PASS">
          <reporter-output>
          </reporter-output>
        </test-method> <!-- setup -->
        <test-method signature="verifyMultipleBookings(java.lang.String,java.lang.String,java.lang.String,java.lang.String,java.lang.String,java.lang.String,java.lang.String)[pri:0, instance:com.Blazedemo.Tests.FlightBookingTest@16c069df]" started-at="2026-02-24T00:35:19 IST" name="verifyMultipleBookings" data-provider="bookingData" finished-at="2026-02-24T00:35:24 IST" duration-ms="4914" status="PASS">
          <params>
            <param index="0">
              <value>
                <![CDATA[Boston]]>
              </value>
            </param>
            <param index="1">
              <value>
                <![CDATA[New York]]>
              </value>
            </param>
            <param index="2">
              <value>
                <![CDATA[Siya]]>
              </value>
            </param>
            <param index="3">
              <value>
                <![CDATA[Street 1]]>
              </value>
            </param>
            <param index="4">
              <value>
                <![CDATA[Delhi]]>
              </value>
            </param>
            <param index="5">
              <value>
                <![CDATA[1234]]>
              </value>
            </param>
            <param index="6">
              <value>
                <![CDATA[Siya]]>
              </value>
            </param>
          </params>
          <reporter-output>
          </reporter-output>
        </test-method> <!-- verifyMultipleBookings -->
        <test-method is-config="true" signature="tearDown()[pri:0, instance:com.Blazedemo.Tests.FlightBookingTest@16c069df]" started-at="2026-02-24T00:35:24 IST" name="tearDown" finished-at="2026-02-24T00:35:24 IST" duration-ms="290" status="PASS">
          <reporter-output>
          </reporter-output>
        </test-method> <!-- tearDown -->
        <test-method is-config="true" signature="setup()[pri:0, instance:com.Blazedemo.Tests.FlightBookingTest@16c069df]" started-at="2026-02-24T00:35:24 IST" name="setup" finished-at="2026-02-24T00:35:27 IST" duration-ms="2804" status="PASS">
          <reporter-output>
          </reporter-output>
        </test-method> <!-- setup -->
        <test-method signature="verifyMultipleBookings(java.lang.String,java.lang.String,java.lang.String,java.lang.String,java.lang.String,java.lang.String,java.lang.String)[pri:0, instance:com.Blazedemo.Tests.FlightBookingTest@16c069df]" started-at="2026-02-24T00:35:27 IST" name="verifyMultipleBookings" data-provider="bookingData" finished-at="2026-02-24T00:35:32 IST" duration-ms="5285" status="PASS">
          <params>
            <param index="0">
              <value>
                <![CDATA[Paris]]>
              </value>
            </param>
            <param index="1">
              <value>
                <![CDATA[London]]>
              </value>
            </param>
            <param index="2">
              <value>
                <![CDATA[Arun]]>
              </value>
            </param>
            <param index="3">
              <value>
                <![CDATA[Lake View]]>
              </value>
            </param>
            <param index="4">
              <value>
                <![CDATA[Mumbai]]>
              </value>
            </param>
            <param index="5">
              <value>
                <![CDATA[4567]]>
              </value>
            </param>
            <param index="6">
              <value>
                <![CDATA[Arun]]>
              </value>
            </param>
          </params>
          <reporter-output>
          </reporter-output>
        </test-method> <!-- verifyMultipleBookings -->
        <test-method is-config="true" signature="tearDown()[pri:0, instance:com.Blazedemo.Tests.FlightBookingTest@16c069df]" started-at="2026-02-24T00:35:32 IST" name="tearDown" finished-at="2026-02-24T00:35:32 IST" duration-ms="237" status="PASS">
          <reporter-output>
          </reporter-output>
        </test-method> <!-- tearDown -->
        <test-method is-config="true" signature="setup()[pri:0, instance:com.Blazedemo.Tests.FlightBookingTest@16c069df]" started-at="2026-02-24T00:35:32 IST" name="setup" finished-at="2026-02-24T00:35:40 IST" duration-ms="7785" status="PASS">
          <reporter-output>
          </reporter-output>
        </test-method> <!-- setup -->
        <test-method signature="verifyMultipleBookings(java.lang.String,java.lang.String,java.lang.String,java.lang.String,java.lang.String,java.lang.String,java.lang.String)[pri:0, instance:com.Blazedemo.Tests.FlightBookingTest@16c069df]" started-at="2026-02-24T00:35:40 IST" name="verifyMultipleBookings" data-provider="bookingData" finished-at="2026-02-24T00:35:46 IST" duration-ms="6022" status="PASS">
          <params>
            <param index="0">
              <value>
                <![CDATA[Boston]]>
              </value>
            </param>
            <param index="1">
              <value>
                <![CDATA[London]]>
              </value>
            </param>
            <param index="2">
              <value>
                <![CDATA[Sneha]]>
              </value>
            </param>
            <param index="3">
              <value>
                <![CDATA[Hill Road]]>
              </value>
            </param>
            <param index="4">
              <value>
                <![CDATA[Pune]]>
              </value>
            </param>
            <param index="5">
              <value>
                <![CDATA[7890]]>
              </value>
            </param>
            <param index="6">
              <value>
                <![CDATA[Sneha]]>
              </value>
            </param>
          </params>
          <reporter-output>
          </reporter-output>
        </test-method> <!-- verifyMultipleBookings -->
        <test-method is-config="true" signature="tearDown()[pri:0, instance:com.Blazedemo.Tests.FlightBookingTest@16c069df]" started-at="2026-02-24T00:35:46 IST" name="tearDown" finished-at="2026-02-24T00:35:47 IST" duration-ms="388" status="PASS">
          <reporter-output>
          </reporter-output>
        </test-method> <!-- tearDown -->
      </class> <!-- com.Blazedemo.Tests.FlightBookingTest -->
    </test> <!-- Functional Tests -->
    <test started-at="2026-02-24T00:35:47 IST" name="Negative Tests" finished-at="2026-02-24T00:36:12 IST" duration-ms="25227">
      <class name="com.Blazedemo.Tests.FlightBookingNegativeTest">
        <test-method is-config="true" signature="setup()[pri:0, instance:com.Blazedemo.Tests.FlightBookingNegativeTest@6950ed69]" started-at="2026-02-24T00:35:47 IST" name="setup" finished-at="2026-02-24T00:35:49 IST" duration-ms="2573" status="PASS">
          <reporter-output>
          </reporter-output>
        </test-method> <!-- setup -->
        <test-method signature="testBlankcreditcard()[pri:0, instance:com.Blazedemo.Tests.FlightBookingNegativeTest@6950ed69]" started-at="2026-02-24T00:35:49 IST" name="testBlankcreditcard" finished-at="2026-02-24T00:35:53 IST" duration-ms="3606" status="FAIL">
          <exception class="java.lang.AssertionError">
            <message>
              <![CDATA[expected [false] but found [true]]]>
            </message>
            <full-stacktrace>
              <![CDATA[java.lang.AssertionError: expected [false] but found [true]
at org.testng.Assert.fail(Assert.java:111)
at org.testng.Assert.failNotEquals(Assert.java:1590)
at org.testng.Assert.assertFalse(Assert.java:79)
at org.testng.Assert.assertFalse(Assert.java:89)
at com.Blazedemo.Tests.FlightBookingNegativeTest.testBlankcreditcard(FlightBookingNegativeTest.java:30)
at java.base/jdk.internal.reflect.DirectMethodHandleAccessor.invoke(DirectMethodHandleAccessor.java:103)
at java.base/java.lang.reflect.Method.invoke(Method.java:580)
at org.testng.internal.invokers.MethodInvocationHelper.invokeMethod(MethodInvocationHelper.java:141)
at org.testng.internal.invokers.TestInvoker.invokeMethod(TestInvoker.java:687)
at org.testng.internal.invokers.TestInvoker.invokeTestMethod(TestInvoker.java:230)
at org.testng.internal.invokers.MethodRunner.runInSequence(MethodRunner.java:63)
at org.testng.internal.invokers.TestInvoker$MethodInvocationAgent.invoke(TestInvoker.java:995)
at org.testng.internal.invokers.TestInvoker.invokeTestMethods(TestInvoker.java:203)
at org.testng.internal.invokers.TestMethodWorker.invokeTestMethods(TestMethodWorker.java:154)
at org.testng.internal.invokers.TestMethodWorker.run(TestMethodWorker.java:134)
at java.base/java.util.ArrayList.forEach(ArrayList.java:1596)
at org.testng.TestRunner.privateRun(TestRunner.java:741)
at org.testng.TestRunner.run(TestRunner.java:616)
at org.testng.SuiteRunner.runTest(SuiteRunner.java:421)
at org.testng.SuiteRunner.runSequentially(SuiteRunner.java:413)
at org.testng.SuiteRunner.privateRun(SuiteRunner.java:373)
at org.testng.SuiteRunner.run(SuiteRunner.java:312)
at org.testng.SuiteRunnerWorker.runSuite(SuiteRunnerWorker.java:52)
at org.testng.SuiteRunnerWorker.run(SuiteRunnerWorker.java:95)
at org.testng.TestNG.runSuitesSequentially(TestNG.java:1274)
at org.testng.TestNG.runSuitesLocally(TestNG.java:1208)
at org.testng.TestNG.runSuites(TestNG.java:1112)
at org.testng.TestNG.run(TestNG.java:1079)
at org.testng.remote.AbstractRemoteTestNG.run(AbstractRemoteTestNG.java:115)
at org.testng.remote.RemoteTestNG.initAndRun(RemoteTestNG.java:293)
at org.testng.remote.RemoteTestNG.main(RemoteTestNG.java:91)
]]>
            </full-stacktrace>
          </exception> <!-- java.lang.AssertionError -->
          <reporter-output>
          </reporter-output>
        </test-method> <!-- testBlankcreditcard -->
        <test-method is-config="true" signature="tearDown()[pri:0, instance:com.Blazedemo.Tests.FlightBookingNegativeTest@6950ed69]" started-at="2026-02-24T00:35:53 IST" name="tearDown" finished-at="2026-02-24T00:35:53 IST" duration-ms="254" status="PASS">
          <reporter-output>
          </reporter-output>
        </test-method> <!-- tearDown -->
        <test-method is-config="true" signature="setup()[pri:0, instance:com.Blazedemo.Tests.FlightBookingNegativeTest@6950ed69]" started-at="2026-02-24T00:35:53 IST" name="setup" finished-at="2026-02-24T00:35:57 IST" duration-ms="3481" status="PASS">
          <reporter-output>
          </reporter-output>
        </test-method> <!-- setup -->
        <test-method signature="testEmptyField()[pri:0, instance:com.Blazedemo.Tests.FlightBookingNegativeTest@6950ed69]" started-at="2026-02-24T00:35:57 IST" name="testEmptyField" finished-at="2026-02-24T00:36:00 IST" duration-ms="3413" status="FAIL">
          <exception class="java.lang.AssertionError">
            <message>
              <![CDATA[expected [false] but found [true]]]>
            </message>
            <full-stacktrace>
              <![CDATA[java.lang.AssertionError: expected [false] but found [true]
at org.testng.Assert.fail(Assert.java:111)
at org.testng.Assert.failNotEquals(Assert.java:1590)
at org.testng.Assert.assertFalse(Assert.java:79)
at org.testng.Assert.assertFalse(Assert.java:89)
at com.Blazedemo.Tests.FlightBookingNegativeTest.testEmptyField(FlightBookingNegativeTest.java:70)
at java.base/jdk.internal.reflect.DirectMethodHandleAccessor.invoke(DirectMethodHandleAccessor.java:103)
at java.base/java.lang.reflect.Method.invoke(Method.java:580)
at org.testng.internal.invokers.MethodInvocationHelper.invokeMethod(MethodInvocationHelper.java:141)
at org.testng.internal.invokers.TestInvoker.invokeMethod(TestInvoker.java:687)
at org.testng.internal.invokers.TestInvoker.invokeTestMethod(TestInvoker.java:230)
at org.testng.internal.invokers.MethodRunner.runInSequence(MethodRunner.java:63)
at org.testng.internal.invokers.TestInvoker$MethodInvocationAgent.invoke(TestInvoker.java:995)
at org.testng.internal.invokers.TestInvoker.invokeTestMethods(TestInvoker.java:203)
at org.testng.internal.invokers.TestMethodWorker.invokeTestMethods(TestMethodWorker.java:154)
at org.testng.internal.invokers.TestMethodWorker.run(TestMethodWorker.java:134)
at java.base/java.util.ArrayList.forEach(ArrayList.java:1596)
at org.testng.TestRunner.privateRun(TestRunner.java:741)
at org.testng.TestRunner.run(TestRunner.java:616)
at org.testng.SuiteRunner.runTest(SuiteRunner.java:421)
at org.testng.SuiteRunner.runSequentially(SuiteRunner.java:413)
at org.testng.SuiteRunner.privateRun(SuiteRunner.java:373)
at org.testng.SuiteRunner.run(SuiteRunner.java:312)
at org.testng.SuiteRunnerWorker.runSuite(SuiteRunnerWorker.java:52)
at org.testng.SuiteRunnerWorker.run(SuiteRunnerWorker.java:95)
at org.testng.TestNG.runSuitesSequentially(TestNG.java:1274)
at org.testng.TestNG.runSuitesLocally(TestNG.java:1208)
at org.testng.TestNG.runSuites(TestNG.java:1112)
at org.testng.TestNG.run(TestNG.java:1079)
at org.testng.remote.AbstractRemoteTestNG.run(AbstractRemoteTestNG.java:115)
at org.testng.remote.RemoteTestNG.initAndRun(RemoteTestNG.java:293)
at org.testng.remote.RemoteTestNG.main(RemoteTestNG.java:91)
]]>
            </full-stacktrace>
          </exception> <!-- java.lang.AssertionError -->
          <reporter-output>
          </reporter-output>
        </test-method> <!-- testEmptyField -->
        <test-method is-config="true" signature="tearDown()[pri:0, instance:com.Blazedemo.Tests.FlightBookingNegativeTest@6950ed69]" started-at="2026-02-24T00:36:01 IST" name="tearDown" finished-at="2026-02-24T00:36:01 IST" duration-ms="306" status="PASS">
          <reporter-output>
          </reporter-output>
        </test-method> <!-- tearDown -->
        <test-method is-config="true" signature="setup()[pri:0, instance:com.Blazedemo.Tests.FlightBookingNegativeTest@6950ed69]" started-at="2026-02-24T00:36:01 IST" name="setup" finished-at="2026-02-24T00:36:04 IST" duration-ms="2769" status="PASS">
          <reporter-output>
          </reporter-output>
        </test-method> <!-- setup -->
        <test-method signature="testSameCities()[pri:0, instance:com.Blazedemo.Tests.FlightBookingNegativeTest@6950ed69]" started-at="2026-02-24T00:36:04 IST" name="testSameCities" finished-at="2026-02-24T00:36:04 IST" duration-ms="361" status="FAIL">
          <exception class="org.openqa.selenium.NoSuchElementException">
            <message>
              <![CDATA[Cannot locate option with text: Boston
For documentation on this error, please visit: https://www.selenium.dev/documentation/webdriver/troubleshooting/errors#nosuchelementexception
Build info: version: '4.38.0', revision: '6b412e825c*'
System info: os.name: 'Windows 11', os.arch: 'amd64', os.version: '10.0', java.version: '21.0.10'
Driver info: driver.version: unknown]]>
            </message>
            <full-stacktrace>
              <![CDATA[org.openqa.selenium.NoSuchElementException: Cannot locate option with text: Boston
For documentation on this error, please visit: https://www.selenium.dev/documentation/webdriver/troubleshooting/errors#nosuchelementexception
Build info: version: '4.38.0', revision: '6b412e825c*'
System info: os.name: 'Windows 11', os.arch: 'amd64', os.version: '10.0', java.version: '21.0.10'
Driver info: driver.version: unknown
at org.openqa.selenium.support.ui.Select.selectByVisibleText(Select.java:397)
at org.openqa.selenium.support.ui.Select.selectByVisibleText(Select.java:125)
at com.Blazedemo.Pages.HomePage.selectCities(HomePage.java:53)
at com.Blazedemo.Tests.FlightBookingNegativeTest.testSameCities(FlightBookingNegativeTest.java:79)
at java.base/jdk.internal.reflect.DirectMethodHandleAccessor.invoke(DirectMethodHandleAccessor.java:103)
at java.base/java.lang.reflect.Method.invoke(Method.java:580)
at org.testng.internal.invokers.MethodInvocationHelper.invokeMethod(MethodInvocationHelper.java:141)
at org.testng.internal.invokers.TestInvoker.invokeMethod(TestInvoker.java:687)
at org.testng.internal.invokers.TestInvoker.invokeTestMethod(TestInvoker.java:230)
at org.testng.internal.invokers.MethodRunner.runInSequence(MethodRunner.java:63)
at org.testng.internal.invokers.TestInvoker$MethodInvocationAgent.invoke(TestInvoker.java:995)
at org.testng.internal.invokers.TestInvoker.invokeTestMethods(TestInvoker.java:203)
at org.testng.internal.invokers.TestMethodWorker.invokeTestMethods(TestMethodWorker.java:154)
at org.testng.internal.invokers.TestMethodWorker.run(TestMethodWorker.java:134)
at java.base/java.util.ArrayList.forEach(ArrayList.java:1596)
at org.testng.TestRunner.privateRun(TestRunner.java:741)
at org.testng.TestRunner.run(TestRunner.java:616)
at org.testng.SuiteRunner.runTest(SuiteRunner.java:421)
at org.testng.SuiteRunner.runSequentially(SuiteRunner.java:413)
at org.testng.SuiteRunner.privateRun(SuiteRunner.java:373)
at org.testng.SuiteRunner.run(SuiteRunner.java:312)
at org.testng.SuiteRunnerWorker.runSuite(SuiteRunnerWorker.java:52)
at org.testng.SuiteRunnerWorker.run(SuiteRunnerWorker.java:95)
at org.testng.TestNG.runSuitesSequentially(TestNG.java:1274)
at org.testng.TestNG.runSuitesLocally(TestNG.java:1208)
at org.testng.TestNG.runSuites(TestNG.java:1112)
at org.testng.TestNG.run(TestNG.java:1079)
at org.testng.remote.AbstractRemoteTestNG.run(AbstractRemoteTestNG.java:115)
at org.testng.remote.RemoteTestNG.initAndRun(RemoteTestNG.java:293)
at org.testng.remote.RemoteTestNG.main(RemoteTestNG.java:91)
]]>
            </full-stacktrace>
          </exception> <!-- org.openqa.selenium.NoSuchElementException -->
          <reporter-output>
          </reporter-output>
        </test-method> <!-- testSameCities -->
        <test-method is-config="true" signature="tearDown()[pri:0, instance:com.Blazedemo.Tests.FlightBookingNegativeTest@6950ed69]" started-at="2026-02-24T00:36:04 IST" name="tearDown" finished-at="2026-02-24T00:36:04 IST" duration-ms="279" status="PASS">
          <reporter-output>
          </reporter-output>
        </test-method> <!-- tearDown -->
        <test-method is-config="true" signature="setup()[pri:0, instance:com.Blazedemo.Tests.FlightBookingNegativeTest@6950ed69]" started-at="2026-02-24T00:36:04 IST" name="setup" finished-at="2026-02-24T00:36:07 IST" duration-ms="2569" status="PASS">
          <reporter-output>
          </reporter-output>
        </test-method> <!-- setup -->
        <test-method signature="testinvalidcardno()[pri:0, instance:com.Blazedemo.Tests.FlightBookingNegativeTest@6950ed69]" started-at="2026-02-24T00:36:07 IST" name="testinvalidcardno" finished-at="2026-02-24T00:36:11 IST" duration-ms="4381" status="FAIL">
          <exception class="java.lang.AssertionError">
            <message>
              <![CDATA[expected [false] but found [true]]]>
            </message>
            <full-stacktrace>
              <![CDATA[java.lang.AssertionError: expected [false] but found [true]
at org.testng.Assert.fail(Assert.java:111)
at org.testng.Assert.failNotEquals(Assert.java:1590)
at org.testng.Assert.assertFalse(Assert.java:79)
at org.testng.Assert.assertFalse(Assert.java:89)
at com.Blazedemo.Tests.FlightBookingNegativeTest.testinvalidcardno(FlightBookingNegativeTest.java:50)
at java.base/jdk.internal.reflect.DirectMethodHandleAccessor.invoke(DirectMethodHandleAccessor.java:103)
at java.base/java.lang.reflect.Method.invoke(Method.java:580)
at org.testng.internal.invokers.MethodInvocationHelper.invokeMethod(MethodInvocationHelper.java:141)
at org.testng.internal.invokers.TestInvoker.invokeMethod(TestInvoker.java:687)
at org.testng.internal.invokers.TestInvoker.invokeTestMethod(TestInvoker.java:230)
at org.testng.internal.invokers.MethodRunner.runInSequence(MethodRunner.java:63)
at org.testng.internal.invokers.TestInvoker$MethodInvocationAgent.invoke(TestInvoker.java:995)
at org.testng.internal.invokers.TestInvoker.invokeTestMethods(TestInvoker.java:203)
at org.testng.internal.invokers.TestMethodWorker.invokeTestMethods(TestMethodWorker.java:154)
at org.testng.internal.invokers.TestMethodWorker.run(TestMethodWorker.java:134)
at java.base/java.util.ArrayList.forEach(ArrayList.java:1596)
at org.testng.TestRunner.privateRun(TestRunner.java:741)
at org.testng.TestRunner.run(TestRunner.java:616)
at org.testng.SuiteRunner.runTest(SuiteRunner.java:421)
at org.testng.SuiteRunner.runSequentially(SuiteRunner.java:413)
at org.testng.SuiteRunner.privateRun(SuiteRunner.java:373)
at org.testng.SuiteRunner.run(SuiteRunner.java:312)
at org.testng.SuiteRunnerWorker.runSuite(SuiteRunnerWorker.java:52)
at org.testng.SuiteRunnerWorker.run(SuiteRunnerWorker.java:95)
at org.testng.TestNG.runSuitesSequentially(TestNG.java:1274)
at org.testng.TestNG.runSuitesLocally(TestNG.java:1208)
at org.testng.TestNG.runSuites(TestNG.java:1112)
at org.testng.TestNG.run(TestNG.java:1079)
at org.testng.remote.AbstractRemoteTestNG.run(AbstractRemoteTestNG.java:115)
at org.testng.remote.RemoteTestNG.initAndRun(RemoteTestNG.java:293)
at org.testng.remote.RemoteTestNG.main(RemoteTestNG.java:91)
]]>
            </full-stacktrace>
          </exception> <!-- java.lang.AssertionError -->
          <reporter-output>
          </reporter-output>
        </test-method> <!-- testinvalidcardno -->
        <test-method is-config="true" signature="tearDown()[pri:0, instance:com.Blazedemo.Tests.FlightBookingNegativeTest@6950ed69]" started-at="2026-02-24T00:36:12 IST" name="tearDown" finished-at="2026-02-24T00:36:12 IST" duration-ms="259" status="PASS">
          <reporter-output>
          </reporter-output>
        </test-method> <!-- tearDown -->
      </class> <!-- com.Blazedemo.Tests.FlightBookingNegativeTest -->
    </test> <!-- Negative Tests -->
  </suite> <!-- BlazeDemo Suite -->
</testng-results>
