<?xml version="1.0" encoding="UTF-8"?>
<testng-results ignored="4" total="14" passed="6" failed="4" skipped="0">
  <reporter-output>
  </reporter-output>
  <suite started-at="2026-02-24T16:38:56 IST" name="BlazeDemo Suite" finished-at="2026-02-24T16:39:37 IST" duration-ms="41142">
    <groups>
      <group name="Functional">
        <method signature="FlightBookingTest.TC_02_searchValidCity()[pri:0, instance:com.Blazedemo.Tests.FlightBookingTest@31edaa7d]" name="TC_02_searchValidCity" class="com.Blazedemo.Tests.FlightBookingTest"/>
        <method signature="FlightBookingTest.TC_03_flightBooking()[pri:0, instance:com.Blazedemo.Tests.FlightBookingTest@31edaa7d]" name="TC_03_flightBooking" class="com.Blazedemo.Tests.FlightBookingTest"/>
        <method signature="FlightBookingTest.TC_04_verifyMultipleBookings(java.lang.String,java.lang.String,java.lang.String,java.lang.String,java.lang.String,java.lang.String,java.lang.String)[pri:0, instance:com.Blazedemo.Tests.FlightBookingTest@31edaa7d]" name="TC_04_verifyMultipleBookings" class="com.Blazedemo.Tests.FlightBookingTest"/>
      </group> <!-- Functional -->
      <group name="Negative">
        <method signature="FlightBookingNegativeTest.TC_05_testBlankcreditcard()[pri:0, instance:com.Blazedemo.Tests.FlightBookingNegativeTest@5f20155b]" name="TC_05_testBlankcreditcard" class="com.Blazedemo.Tests.FlightBookingNegativeTest"/>
        <method signature="FlightBookingNegativeTest.TC_06_testinvalidcardno()[pri:0, instance:com.Blazedemo.Tests.FlightBookingNegativeTest@5f20155b]" name="TC_06_testinvalidcardno" class="com.Blazedemo.Tests.FlightBookingNegativeTest"/>
        <method signature="FlightBookingNegativeTest.TC_07_testEmptyField()[pri:0, instance:com.Blazedemo.Tests.FlightBookingNegativeTest@5f20155b]" name="TC_07_testEmptyField" class="com.Blazedemo.Tests.FlightBookingNegativeTest"/>
        <method signature="FlightBookingNegativeTest.TC_08_testSameCities()[pri:0, instance:com.Blazedemo.Tests.FlightBookingNegativeTest@5f20155b]" name="TC_08_testSameCities" class="com.Blazedemo.Tests.FlightBookingNegativeTest"/>
      </group> <!-- Negative -->
      <group name="Smoke">
        <method signature="FlightBookingTest.TC_01_homepageDropdown()[pri:0, instance:com.Blazedemo.Tests.FlightBookingTest@769a1df5]" name="TC_01_homepageDropdown" class="com.Blazedemo.Tests.FlightBookingTest"/>
      </group> <!-- Smoke -->
    </groups>
    <test started-at="2026-02-24T16:38:56 IST" name="Smoke Tests" finished-at="2026-02-24T16:38:59 IST" duration-ms="2937">
      <class name="com.Blazedemo.Tests.FlightBookingTest">
        <test-method is-config="true" signature="setup()[pri:0, instance:com.Blazedemo.Tests.FlightBookingTest@769a1df5]" started-at="2026-02-24T16:38:56 IST" name="setup" finished-at="2026-02-24T16:38:58 IST" duration-ms="1825" status="PASS">
          <reporter-output>
          </reporter-output>
        </test-method> <!-- setup -->
        <test-method signature="TC_01_homepageDropdown()[pri:0, instance:com.Blazedemo.Tests.FlightBookingTest@769a1df5]" started-at="2026-02-24T16:38:58 IST" name="TC_01_homepageDropdown" finished-at="2026-02-24T16:38:59 IST" duration-ms="913" status="PASS">
          <reporter-output>
          </reporter-output>
        </test-method> <!-- TC_01_homepageDropdown -->
        <test-method is-config="true" signature="tearDown()[pri:0, instance:com.Blazedemo.Tests.FlightBookingTest@769a1df5]" started-at="2026-02-24T16:38:59 IST" name="tearDown" finished-at="2026-02-24T16:38:59 IST" duration-ms="156" status="PASS">
          <reporter-output>
          </reporter-output>
        </test-method> <!-- tearDown -->
      </class> <!-- com.Blazedemo.Tests.FlightBookingTest -->
    </test> <!-- Smoke Tests -->
    <test started-at="2026-02-24T16:38:59 IST" name="Functional Tests" finished-at="2026-02-24T16:39:21 IST" duration-ms="21875">
      <class name="com.Blazedemo.Tests.FlightBookingTest">
        <test-method is-config="true" signature="setup()[pri:0, instance:com.Blazedemo.Tests.FlightBookingTest@31edaa7d]" started-at="2026-02-24T16:38:59 IST" name="setup" finished-at="2026-02-24T16:39:01 IST" duration-ms="2088" status="PASS">
          <reporter-output>
          </reporter-output>
        </test-method> <!-- setup -->
        <test-method signature="TC_02_searchValidCity()[pri:0, instance:com.Blazedemo.Tests.FlightBookingTest@31edaa7d]" started-at="2026-02-24T16:39:01 IST" name="TC_02_searchValidCity" finished-at="2026-02-24T16:39:02 IST" duration-ms="775" status="PASS">
          <reporter-output>
          </reporter-output>
        </test-method> <!-- TC_02_searchValidCity -->
        <test-method is-config="true" signature="tearDown()[pri:0, instance:com.Blazedemo.Tests.FlightBookingTest@31edaa7d]" started-at="2026-02-24T16:39:02 IST" name="tearDown" finished-at="2026-02-24T16:39:02 IST" duration-ms="146" status="PASS">
          <reporter-output>
          </reporter-output>
        </test-method> <!-- tearDown -->
        <test-method is-config="true" signature="setup()[pri:0, instance:com.Blazedemo.Tests.FlightBookingTest@31edaa7d]" started-at="2026-02-24T16:39:02 IST" name="setup" finished-at="2026-02-24T16:39:04 IST" duration-ms="2118" status="PASS">
          <reporter-output>
          </reporter-output>
        </test-method> <!-- setup -->
        <test-method signature="TC_03_flightBooking()[pri:0, instance:com.Blazedemo.Tests.FlightBookingTest@31edaa7d]" started-at="2026-02-24T16:39:04 IST" name="TC_03_flightBooking" finished-at="2026-02-24T16:39:07 IST" duration-ms="2459" status="PASS">
          <reporter-output>
          </reporter-output>
        </test-method> <!-- TC_03_flightBooking -->
        <test-method is-config="true" signature="tearDown()[pri:0, instance:com.Blazedemo.Tests.FlightBookingTest@31edaa7d]" started-at="2026-02-24T16:39:07 IST" name="tearDown" finished-at="2026-02-24T16:39:07 IST" duration-ms="158" status="PASS">
          <reporter-output>
          </reporter-output>
        </test-method> <!-- tearDown -->
        <test-method is-config="true" signature="setup()[pri:0, instance:com.Blazedemo.Tests.FlightBookingTest@31edaa7d]" started-at="2026-02-24T16:39:07 IST" name="setup" finished-at="2026-02-24T16:39:09 IST" duration-ms="2003" status="PASS">
          <reporter-output>
          </reporter-output>
        </test-method> <!-- setup -->
        <test-method signature="TC_04_verifyMultipleBookings(java.lang.String,java.lang.String,java.lang.String,java.lang.String,java.lang.String,java.lang.String,java.lang.String)[pri:0, instance:com.Blazedemo.Tests.FlightBookingTest@31edaa7d]" started-at="2026-02-24T16:39:09 IST" name="TC_04_verifyMultipleBookings" data-provider="bookingData" finished-at="2026-02-24T16:39:11 IST" duration-ms="2127" status="PASS">
          <params>
            <param index="0">
              <value>
                <![CDATA[Boston]]>
              </value>
            </param>
            <param index="1">
              <value>
                <![CDATA[New York]]>
              </value>
            </param>
            <param index="2">
              <value>
                <![CDATA[Siya]]>
              </value>
            </param>
            <param index="3">
              <value>
                <![CDATA[Street 1]]>
              </value>
            </param>
            <param index="4">
              <value>
                <![CDATA[Delhi]]>
              </value>
            </param>
            <param index="5">
              <value>
                <![CDATA[1234]]>
              </value>
            </param>
            <param index="6">
              <value>
                <![CDATA[Siya]]>
              </value>
            </param>
          </params>
          <reporter-output>
          </reporter-output>
        </test-method> <!-- TC_04_verifyMultipleBookings -->
        <test-method is-config="true" signature="tearDown()[pri:0, instance:com.Blazedemo.Tests.FlightBookingTest@31edaa7d]" started-at="2026-02-24T16:39:11 IST" name="tearDown" finished-at="2026-02-24T16:39:11 IST" duration-ms="148" status="PASS">
          <reporter-output>
          </reporter-output>
        </test-method> <!-- tearDown -->
        <test-method is-config="true" signature="setup()[pri:0, instance:com.Blazedemo.Tests.FlightBookingTest@31edaa7d]" started-at="2026-02-24T16:39:11 IST" name="setup" finished-at="2026-02-24T16:39:13 IST" duration-ms="2107" status="PASS">
          <reporter-output>
          </reporter-output>
        </test-method> <!-- setup -->
        <test-method signature="TC_04_verifyMultipleBookings(java.lang.String,java.lang.String,java.lang.String,java.lang.String,java.lang.String,java.lang.String,java.lang.String)[pri:0, instance:com.Blazedemo.Tests.FlightBookingTest@31edaa7d]" started-at="2026-02-24T16:39:13 IST" name="TC_04_verifyMultipleBookings" data-provider="bookingData" finished-at="2026-02-24T16:39:16 IST" duration-ms="2143" status="PASS">
          <params>
            <param index="0">
              <value>
                <![CDATA[Paris]]>
              </value>
            </param>
            <param index="1">
              <value>
                <![CDATA[London]]>
              </value>
            </param>
            <param index="2">
              <value>
                <![CDATA[Arun]]>
              </value>
            </param>
            <param index="3">
              <value>
                <![CDATA[Lake View]]>
              </value>
            </param>
            <param index="4">
              <value>
                <![CDATA[Mumbai]]>
              </value>
            </param>
            <param index="5">
              <value>
                <![CDATA[4567]]>
              </value>
            </param>
            <param index="6">
              <value>
                <![CDATA[Arun]]>
              </value>
            </param>
          </params>
          <reporter-output>
          </reporter-output>
        </test-method> <!-- TC_04_verifyMultipleBookings -->
        <test-method is-config="true" signature="tearDown()[pri:0, instance:com.Blazedemo.Tests.FlightBookingTest@31edaa7d]" started-at="2026-02-24T16:39:16 IST" name="tearDown" finished-at="2026-02-24T16:39:16 IST" duration-ms="133" status="PASS">
          <reporter-output>
          </reporter-output>
        </test-method> <!-- tearDown -->
        <test-method is-config="true" signature="setup()[pri:0, instance:com.Blazedemo.Tests.FlightBookingTest@31edaa7d]" started-at="2026-02-24T16:39:16 IST" name="setup" finished-at="2026-02-24T16:39:19 IST" duration-ms="3175" status="PASS">
          <reporter-output>
          </reporter-output>
        </test-method> <!-- setup -->
        <test-method signature="TC_04_verifyMultipleBookings(java.lang.String,java.lang.String,java.lang.String,java.lang.String,java.lang.String,java.lang.String,java.lang.String)[pri:0, instance:com.Blazedemo.Tests.FlightBookingTest@31edaa7d]" started-at="2026-02-24T16:39:19 IST" name="TC_04_verifyMultipleBookings" data-provider="bookingData" finished-at="2026-02-24T16:39:21 IST" duration-ms="2120" status="PASS">
          <params>
            <param index="0">
              <value>
                <![CDATA[Boston]]>
              </value>
            </param>
            <param index="1">
              <value>
                <![CDATA[London]]>
              </value>
            </param>
            <param index="2">
              <value>
                <![CDATA[Sneha]]>
              </value>
            </param>
            <param index="3">
              <value>
                <![CDATA[Hill Road]]>
              </value>
            </param>
            <param index="4">
              <value>
                <![CDATA[Pune]]>
              </value>
            </param>
            <param index="5">
              <value>
                <![CDATA[7890]]>
              </value>
            </param>
            <param index="6">
              <value>
                <![CDATA[Sneha]]>
              </value>
            </param>
          </params>
          <reporter-output>
          </reporter-output>
        </test-method> <!-- TC_04_verifyMultipleBookings -->
        <test-method is-config="true" signature="tearDown()[pri:0, instance:com.Blazedemo.Tests.FlightBookingTest@31edaa7d]" started-at="2026-02-24T16:39:21 IST" name="tearDown" finished-at="2026-02-24T16:39:21 IST" duration-ms="151" status="PASS">
          <reporter-output>
          </reporter-output>
        </test-method> <!-- tearDown -->
      </class> <!-- com.Blazedemo.Tests.FlightBookingTest -->
    </test> <!-- Functional Tests -->
    <test started-at="2026-02-24T16:39:21 IST" name="Negative Tests" finished-at="2026-02-24T16:39:37 IST" duration-ms="15991">
      <class name="com.Blazedemo.Tests.FlightBookingNegativeTest">
        <test-method is-config="true" signature="setup()[pri:0, instance:com.Blazedemo.Tests.FlightBookingNegativeTest@5f20155b]" started-at="2026-02-24T16:39:21 IST" name="setup" finished-at="2026-02-24T16:39:23 IST" duration-ms="2032" status="PASS">
          <reporter-output>
          </reporter-output>
        </test-method> <!-- setup -->
        <test-method signature="TC_05_testBlankcreditcard()[pri:0, instance:com.Blazedemo.Tests.FlightBookingNegativeTest@5f20155b]" started-at="2026-02-24T16:39:23 IST" name="TC_05_testBlankcreditcard" finished-at="2026-02-24T16:39:25 IST" duration-ms="2124" status="FAIL">
          <exception class="java.lang.AssertionError">
            <message>
              <![CDATA[Test Fail expected [false] but found [true]]]>
            </message>
            <full-stacktrace>
              <![CDATA[java.lang.AssertionError: Test Fail expected [false] but found [true]
at org.testng.Assert.fail(Assert.java:111)
at org.testng.Assert.failNotEquals(Assert.java:1590)
at org.testng.Assert.assertFalse(Assert.java:79)
at com.Blazedemo.Tests.FlightBookingNegativeTest.TC_05_testBlankcreditcard(FlightBookingNegativeTest.java:30)
at java.base/jdk.internal.reflect.DirectMethodHandleAccessor.invoke(DirectMethodHandleAccessor.java:103)
at java.base/java.lang.reflect.Method.invoke(Method.java:580)
at org.testng.internal.invokers.MethodInvocationHelper.invokeMethod(MethodInvocationHelper.java:141)
at org.testng.internal.invokers.TestInvoker.invokeMethod(TestInvoker.java:687)
at org.testng.internal.invokers.TestInvoker.invokeTestMethod(TestInvoker.java:230)
at org.testng.internal.invokers.MethodRunner.runInSequence(MethodRunner.java:63)
at org.testng.internal.invokers.TestInvoker$MethodInvocationAgent.invoke(TestInvoker.java:995)
at org.testng.internal.invokers.TestInvoker.invokeTestMethods(TestInvoker.java:203)
at org.testng.internal.invokers.TestMethodWorker.invokeTestMethods(TestMethodWorker.java:154)
at org.testng.internal.invokers.TestMethodWorker.run(TestMethodWorker.java:134)
at java.base/java.util.ArrayList.forEach(ArrayList.java:1596)
at org.testng.TestRunner.privateRun(TestRunner.java:741)
at org.testng.TestRunner.run(TestRunner.java:616)
at org.testng.SuiteRunner.runTest(SuiteRunner.java:421)
at org.testng.SuiteRunner.runSequentially(SuiteRunner.java:413)
at org.testng.SuiteRunner.privateRun(SuiteRunner.java:373)
at org.testng.SuiteRunner.run(SuiteRunner.java:312)
at org.testng.SuiteRunnerWorker.runSuite(SuiteRunnerWorker.java:52)
at org.testng.SuiteRunnerWorker.run(SuiteRunnerWorker.java:95)
at org.testng.TestNG.runSuitesSequentially(TestNG.java:1274)
at org.testng.TestNG.runSuitesLocally(TestNG.java:1208)
at org.testng.TestNG.runSuites(TestNG.java:1112)
at org.testng.TestNG.run(TestNG.java:1079)
at org.testng.remote.AbstractRemoteTestNG.run(AbstractRemoteTestNG.java:115)
at org.testng.remote.RemoteTestNG.initAndRun(RemoteTestNG.java:293)
at org.testng.remote.RemoteTestNG.main(RemoteTestNG.java:91)
]]>
            </full-stacktrace>
          </exception> <!-- java.lang.AssertionError -->
          <reporter-output>
          </reporter-output>
        </test-method> <!-- TC_05_testBlankcreditcard -->
        <test-method is-config="true" signature="tearDown()[pri:0, instance:com.Blazedemo.Tests.FlightBookingNegativeTest@5f20155b]" started-at="2026-02-24T16:39:26 IST" name="tearDown" finished-at="2026-02-24T16:39:26 IST" duration-ms="139" status="PASS">
          <reporter-output>
          </reporter-output>
        </test-method> <!-- tearDown -->
        <test-method is-config="true" signature="setup()[pri:0, instance:com.Blazedemo.Tests.FlightBookingNegativeTest@5f20155b]" started-at="2026-02-24T16:39:26 IST" name="setup" finished-at="2026-02-24T16:39:28 IST" duration-ms="2123" status="PASS">
          <reporter-output>
          </reporter-output>
        </test-method> <!-- setup -->
        <test-method signature="TC_06_testinvalidcardno()[pri:0, instance:com.Blazedemo.Tests.FlightBookingNegativeTest@5f20155b]" started-at="2026-02-24T16:39:28 IST" name="TC_06_testinvalidcardno" finished-at="2026-02-24T16:39:30 IST" duration-ms="2097" status="FAIL">
          <exception class="java.lang.AssertionError">
            <message>
              <![CDATA[Test Fail expected [false] but found [true]]]>
            </message>
            <full-stacktrace>
              <![CDATA[java.lang.AssertionError: Test Fail expected [false] but found [true]
at org.testng.Assert.fail(Assert.java:111)
at org.testng.Assert.failNotEquals(Assert.java:1590)
at org.testng.Assert.assertFalse(Assert.java:79)
at com.Blazedemo.Tests.FlightBookingNegativeTest.TC_06_testinvalidcardno(FlightBookingNegativeTest.java:51)
at java.base/jdk.internal.reflect.DirectMethodHandleAccessor.invoke(DirectMethodHandleAccessor.java:103)
at java.base/java.lang.reflect.Method.invoke(Method.java:580)
at org.testng.internal.invokers.MethodInvocationHelper.invokeMethod(MethodInvocationHelper.java:141)
at org.testng.internal.invokers.TestInvoker.invokeMethod(TestInvoker.java:687)
at org.testng.internal.invokers.TestInvoker.invokeTestMethod(TestInvoker.java:230)
at org.testng.internal.invokers.MethodRunner.runInSequence(MethodRunner.java:63)
at org.testng.internal.invokers.TestInvoker$MethodInvocationAgent.invoke(TestInvoker.java:995)
at org.testng.internal.invokers.TestInvoker.invokeTestMethods(TestInvoker.java:203)
at org.testng.internal.invokers.TestMethodWorker.invokeTestMethods(TestMethodWorker.java:154)
at org.testng.internal.invokers.TestMethodWorker.run(TestMethodWorker.java:134)
at java.base/java.util.ArrayList.forEach(ArrayList.java:1596)
at org.testng.TestRunner.privateRun(TestRunner.java:741)
at org.testng.TestRunner.run(TestRunner.java:616)
at org.testng.SuiteRunner.runTest(SuiteRunner.java:421)
at org.testng.SuiteRunner.runSequentially(SuiteRunner.java:413)
at org.testng.SuiteRunner.privateRun(SuiteRunner.java:373)
at org.testng.SuiteRunner.run(SuiteRunner.java:312)
at org.testng.SuiteRunnerWorker.runSuite(SuiteRunnerWorker.java:52)
at org.testng.SuiteRunnerWorker.run(SuiteRunnerWorker.java:95)
at org.testng.TestNG.runSuitesSequentially(TestNG.java:1274)
at org.testng.TestNG.runSuitesLocally(TestNG.java:1208)
at org.testng.TestNG.runSuites(TestNG.java:1112)
at org.testng.TestNG.run(TestNG.java:1079)
at org.testng.remote.AbstractRemoteTestNG.run(AbstractRemoteTestNG.java:115)
at org.testng.remote.RemoteTestNG.initAndRun(RemoteTestNG.java:293)
at org.testng.remote.RemoteTestNG.main(RemoteTestNG.java:91)
]]>
            </full-stacktrace>
          </exception> <!-- java.lang.AssertionError -->
          <reporter-output>
          </reporter-output>
        </test-method> <!-- TC_06_testinvalidcardno -->
        <test-method is-config="true" signature="tearDown()[pri:0, instance:com.Blazedemo.Tests.FlightBookingNegativeTest@5f20155b]" started-at="2026-02-24T16:39:30 IST" name="tearDown" finished-at="2026-02-24T16:39:30 IST" duration-ms="155" status="PASS">
          <reporter-output>
          </reporter-output>
        </test-method> <!-- tearDown -->
        <test-method is-config="true" signature="setup()[pri:0, instance:com.Blazedemo.Tests.FlightBookingNegativeTest@5f20155b]" started-at="2026-02-24T16:39:30 IST" name="setup" finished-at="2026-02-24T16:39:32 IST" duration-ms="2133" status="PASS">
          <reporter-output>
          </reporter-output>
        </test-method> <!-- setup -->
        <test-method signature="TC_07_testEmptyField()[pri:0, instance:com.Blazedemo.Tests.FlightBookingNegativeTest@5f20155b]" started-at="2026-02-24T16:39:32 IST" name="TC_07_testEmptyField" finished-at="2026-02-24T16:39:34 IST" duration-ms="2032" status="FAIL">
          <exception class="java.lang.AssertionError">
            <message>
              <![CDATA[Test Fail expected [false] but found [true]]]>
            </message>
            <full-stacktrace>
              <![CDATA[java.lang.AssertionError: Test Fail expected [false] but found [true]
at org.testng.Assert.fail(Assert.java:111)
at org.testng.Assert.failNotEquals(Assert.java:1590)
at org.testng.Assert.assertFalse(Assert.java:79)
at com.Blazedemo.Tests.FlightBookingNegativeTest.TC_07_testEmptyField(FlightBookingNegativeTest.java:72)
at java.base/jdk.internal.reflect.DirectMethodHandleAccessor.invoke(DirectMethodHandleAccessor.java:103)
at java.base/java.lang.reflect.Method.invoke(Method.java:580)
at org.testng.internal.invokers.MethodInvocationHelper.invokeMethod(MethodInvocationHelper.java:141)
at org.testng.internal.invokers.TestInvoker.invokeMethod(TestInvoker.java:687)
at org.testng.internal.invokers.TestInvoker.invokeTestMethod(TestInvoker.java:230)
at org.testng.internal.invokers.MethodRunner.runInSequence(MethodRunner.java:63)
at org.testng.internal.invokers.TestInvoker$MethodInvocationAgent.invoke(TestInvoker.java:995)
at org.testng.internal.invokers.TestInvoker.invokeTestMethods(TestInvoker.java:203)
at org.testng.internal.invokers.TestMethodWorker.invokeTestMethods(TestMethodWorker.java:154)
at org.testng.internal.invokers.TestMethodWorker.run(TestMethodWorker.java:134)
at java.base/java.util.ArrayList.forEach(ArrayList.java:1596)
at org.testng.TestRunner.privateRun(TestRunner.java:741)
at org.testng.TestRunner.run(TestRunner.java:616)
at org.testng.SuiteRunner.runTest(SuiteRunner.java:421)
at org.testng.SuiteRunner.runSequentially(SuiteRunner.java:413)
at org.testng.SuiteRunner.privateRun(SuiteRunner.java:373)
at org.testng.SuiteRunner.run(SuiteRunner.java:312)
at org.testng.SuiteRunnerWorker.runSuite(SuiteRunnerWorker.java:52)
at org.testng.SuiteRunnerWorker.run(SuiteRunnerWorker.java:95)
at org.testng.TestNG.runSuitesSequentially(TestNG.java:1274)
at org.testng.TestNG.runSuitesLocally(TestNG.java:1208)
at org.testng.TestNG.runSuites(TestNG.java:1112)
at org.testng.TestNG.run(TestNG.java:1079)
at org.testng.remote.AbstractRemoteTestNG.run(AbstractRemoteTestNG.java:115)
at org.testng.remote.RemoteTestNG.initAndRun(RemoteTestNG.java:293)
at org.testng.remote.RemoteTestNG.main(RemoteTestNG.java:91)
]]>
            </full-stacktrace>
          </exception> <!-- java.lang.AssertionError -->
          <reporter-output>
          </reporter-output>
        </test-method> <!-- TC_07_testEmptyField -->
        <test-method is-config="true" signature="tearDown()[pri:0, instance:com.Blazedemo.Tests.FlightBookingNegativeTest@5f20155b]" started-at="2026-02-24T16:39:35 IST" name="tearDown" finished-at="2026-02-24T16:39:35 IST" duration-ms="136" status="PASS">
          <reporter-output>
          </reporter-output>
        </test-method> <!-- tearDown -->
        <test-method is-config="true" signature="setup()[pri:0, instance:com.Blazedemo.Tests.FlightBookingNegativeTest@5f20155b]" started-at="2026-02-24T16:39:35 IST" name="setup" finished-at="2026-02-24T16:39:37 IST" duration-ms="1997" status="PASS">
          <reporter-output>
          </reporter-output>
        </test-method> <!-- setup -->
        <test-method signature="TC_08_testSameCities()[pri:0, instance:com.Blazedemo.Tests.FlightBookingNegativeTest@5f20155b]" started-at="2026-02-24T16:39:37 IST" name="TC_08_testSameCities" finished-at="2026-02-24T16:39:37 IST" duration-ms="212" status="FAIL">
          <exception class="org.openqa.selenium.NoSuchElementException">
            <message>
              <![CDATA[Cannot locate option with text: Boston
For documentation on this error, please visit: https://www.selenium.dev/documentation/webdriver/troubleshooting/errors#nosuchelementexception
Build info: version: '4.38.0', revision: '6b412e825c*'
System info: os.name: 'Windows 11', os.arch: 'amd64', os.version: '10.0', java.version: '21.0.10'
Driver info: driver.version: unknown]]>
            </message>
            <full-stacktrace>
              <![CDATA[org.openqa.selenium.NoSuchElementException: Cannot locate option with text: Boston
For documentation on this error, please visit: https://www.selenium.dev/documentation/webdriver/troubleshooting/errors#nosuchelementexception
Build info: version: '4.38.0', revision: '6b412e825c*'
System info: os.name: 'Windows 11', os.arch: 'amd64', os.version: '10.0', java.version: '21.0.10'
Driver info: driver.version: unknown
at org.openqa.selenium.support.ui.Select.selectByVisibleText(Select.java:397)
at org.openqa.selenium.support.ui.Select.selectByVisibleText(Select.java:125)
at com.Blazedemo.Pages.HomePage.selectCities(HomePage.java:63)
at com.Blazedemo.Tests.FlightBookingNegativeTest.TC_08_testSameCities(FlightBookingNegativeTest.java:82)
at java.base/jdk.internal.reflect.DirectMethodHandleAccessor.invoke(DirectMethodHandleAccessor.java:103)
at java.base/java.lang.reflect.Method.invoke(Method.java:580)
at org.testng.internal.invokers.MethodInvocationHelper.invokeMethod(MethodInvocationHelper.java:141)
at org.testng.internal.invokers.TestInvoker.invokeMethod(TestInvoker.java:687)
at org.testng.internal.invokers.TestInvoker.invokeTestMethod(TestInvoker.java:230)
at org.testng.internal.invokers.MethodRunner.runInSequence(MethodRunner.java:63)
at org.testng.internal.invokers.TestInvoker$MethodInvocationAgent.invoke(TestInvoker.java:995)
at org.testng.internal.invokers.TestInvoker.invokeTestMethods(TestInvoker.java:203)
at org.testng.internal.invokers.TestMethodWorker.invokeTestMethods(TestMethodWorker.java:154)
at org.testng.internal.invokers.TestMethodWorker.run(TestMethodWorker.java:134)
at java.base/java.util.ArrayList.forEach(ArrayList.java:1596)
at org.testng.TestRunner.privateRun(TestRunner.java:741)
at org.testng.TestRunner.run(TestRunner.java:616)
at org.testng.SuiteRunner.runTest(SuiteRunner.java:421)
at org.testng.SuiteRunner.runSequentially(SuiteRunner.java:413)
at org.testng.SuiteRunner.privateRun(SuiteRunner.java:373)
at org.testng.SuiteRunner.run(SuiteRunner.java:312)
at org.testng.SuiteRunnerWorker.runSuite(SuiteRunnerWorker.java:52)
at org.testng.SuiteRunnerWorker.run(SuiteRunnerWorker.java:95)
at org.testng.TestNG.runSuitesSequentially(TestNG.java:1274)
at org.testng.TestNG.runSuitesLocally(TestNG.java:1208)
at org.testng.TestNG.runSuites(TestNG.java:1112)
at org.testng.TestNG.run(TestNG.java:1079)
at org.testng.remote.AbstractRemoteTestNG.run(AbstractRemoteTestNG.java:115)
at org.testng.remote.RemoteTestNG.initAndRun(RemoteTestNG.java:293)
at org.testng.remote.RemoteTestNG.main(RemoteTestNG.java:91)
]]>
            </full-stacktrace>
          </exception> <!-- org.openqa.selenium.NoSuchElementException -->
          <reporter-output>
          </reporter-output>
        </test-method> <!-- TC_08_testSameCities -->
        <test-method is-config="true" signature="tearDown()[pri:0, instance:com.Blazedemo.Tests.FlightBookingNegativeTest@5f20155b]" started-at="2026-02-24T16:39:37 IST" name="tearDown" finished-at="2026-02-24T16:39:37 IST" duration-ms="137" status="PASS">
          <reporter-output>
          </reporter-output>
        </test-method> <!-- tearDown -->
      </class> <!-- com.Blazedemo.Tests.FlightBookingNegativeTest -->
    </test> <!-- Negative Tests -->
  </suite> <!-- BlazeDemo Suite -->
</testng-results>
