<?xml version="1.0" encoding="UTF-8"?>
<testng-results ignored="3" total="12" passed="5" failed="4" skipped="0">
  <reporter-output>
  </reporter-output>
  <suite started-at="2026-02-24T14:06:45 IST" name="BlazeDemo Suite" finished-at="2026-02-24T14:07:22 IST" duration-ms="36586">
    <groups>
      <group name="Functional">
        <method signature="FlightBookingTest.flightbooking()[pri:0, instance:com.Blazedemo.Tests.FlightBookingTest@2bec854f]" name="flightbooking" class="com.Blazedemo.Tests.FlightBookingTest"/>
        <method signature="FlightBookingTest.verifyMultipleBookings(java.lang.String,java.lang.String,java.lang.String,java.lang.String,java.lang.String,java.lang.String,java.lang.String)[pri:0, instance:com.Blazedemo.Tests.FlightBookingTest@2bec854f]" name="verifyMultipleBookings" class="com.Blazedemo.Tests.FlightBookingTest"/>
      </group> <!-- Functional -->
      <group name="Negative">
        <method signature="FlightBookingNegativeTest.testBlankcreditcard()[pri:0, instance:com.Blazedemo.Tests.FlightBookingNegativeTest@51a9ad5e]" name="testBlankcreditcard" class="com.Blazedemo.Tests.FlightBookingNegativeTest"/>
        <method signature="FlightBookingNegativeTest.testEmptyField()[pri:0, instance:com.Blazedemo.Tests.FlightBookingNegativeTest@51a9ad5e]" name="testEmptyField" class="com.Blazedemo.Tests.FlightBookingNegativeTest"/>
        <method signature="FlightBookingNegativeTest.testSameCities()[pri:0, instance:com.Blazedemo.Tests.FlightBookingNegativeTest@51a9ad5e]" name="testSameCities" class="com.Blazedemo.Tests.FlightBookingNegativeTest"/>
        <method signature="FlightBookingNegativeTest.testinvalidcardno()[pri:0, instance:com.Blazedemo.Tests.FlightBookingNegativeTest@51a9ad5e]" name="testinvalidcardno" class="com.Blazedemo.Tests.FlightBookingNegativeTest"/>
      </group> <!-- Negative -->
      <group name="Smoke">
        <method signature="FlightBookingTest.homepageDropdown()[pri:0, instance:com.Blazedemo.Tests.FlightBookingTest@3e78b6a5]" name="homepageDropdown" class="com.Blazedemo.Tests.FlightBookingTest"/>
      </group> <!-- Smoke -->
    </groups>
    <test started-at="2026-02-24T14:06:45 IST" name="Smoke Tests" finished-at="2026-02-24T14:06:48 IST" duration-ms="2841">
      <class name="com.Blazedemo.Tests.FlightBookingTest">
        <test-method is-config="true" signature="setup()[pri:0, instance:com.Blazedemo.Tests.FlightBookingTest@3e78b6a5]" started-at="2026-02-24T14:06:45 IST" name="setup" finished-at="2026-02-24T14:06:48 IST" duration-ms="2480" status="PASS">
          <reporter-output>
          </reporter-output>
        </test-method> <!-- setup -->
        <test-method signature="homepageDropdown()[pri:0, instance:com.Blazedemo.Tests.FlightBookingTest@3e78b6a5]" started-at="2026-02-24T14:06:48 IST" name="homepageDropdown" finished-at="2026-02-24T14:06:48 IST" duration-ms="125" status="PASS">
          <reporter-output>
          </reporter-output>
        </test-method> <!-- homepageDropdown -->
        <test-method is-config="true" signature="tearDown()[pri:0, instance:com.Blazedemo.Tests.FlightBookingTest@3e78b6a5]" started-at="2026-02-24T14:06:48 IST" name="tearDown" finished-at="2026-02-24T14:06:48 IST" duration-ms="194" status="PASS">
          <reporter-output>
          </reporter-output>
        </test-method> <!-- tearDown -->
      </class> <!-- com.Blazedemo.Tests.FlightBookingTest -->
    </test> <!-- Smoke Tests -->
    <test started-at="2026-02-24T14:06:48 IST" name="Functional Tests" finished-at="2026-02-24T14:07:06 IST" duration-ms="17594">
      <class name="com.Blazedemo.Tests.FlightBookingTest">
        <test-method is-config="true" signature="setup()[pri:0, instance:com.Blazedemo.Tests.FlightBookingTest@2bec854f]" started-at="2026-02-24T14:06:48 IST" name="setup" finished-at="2026-02-24T14:06:50 IST" duration-ms="1685" status="PASS">
          <reporter-output>
          </reporter-output>
        </test-method> <!-- setup -->
        <test-method signature="flightbooking()[pri:0, instance:com.Blazedemo.Tests.FlightBookingTest@2bec854f]" started-at="2026-02-24T14:06:50 IST" name="flightbooking" finished-at="2026-02-24T14:06:53 IST" duration-ms="2433" status="PASS">
          <reporter-output>
          </reporter-output>
        </test-method> <!-- flightbooking -->
        <test-method is-config="true" signature="tearDown()[pri:0, instance:com.Blazedemo.Tests.FlightBookingTest@2bec854f]" started-at="2026-02-24T14:06:53 IST" name="tearDown" finished-at="2026-02-24T14:06:53 IST" duration-ms="161" status="PASS">
          <reporter-output>
          </reporter-output>
        </test-method> <!-- tearDown -->
        <test-method is-config="true" signature="setup()[pri:0, instance:com.Blazedemo.Tests.FlightBookingTest@2bec854f]" started-at="2026-02-24T14:06:53 IST" name="setup" finished-at="2026-02-24T14:06:55 IST" duration-ms="1774" status="PASS">
          <reporter-output>
          </reporter-output>
        </test-method> <!-- setup -->
        <test-method signature="verifyMultipleBookings(java.lang.String,java.lang.String,java.lang.String,java.lang.String,java.lang.String,java.lang.String,java.lang.String)[pri:0, instance:com.Blazedemo.Tests.FlightBookingTest@2bec854f]" started-at="2026-02-24T14:06:55 IST" name="verifyMultipleBookings" data-provider="bookingData" finished-at="2026-02-24T14:06:57 IST" duration-ms="2407" status="PASS">
          <params>
            <param index="0">
              <value>
                <![CDATA[Boston]]>
              </value>
            </param>
            <param index="1">
              <value>
                <![CDATA[New York]]>
              </value>
            </param>
            <param index="2">
              <value>
                <![CDATA[Siya]]>
              </value>
            </param>
            <param index="3">
              <value>
                <![CDATA[Street 1]]>
              </value>
            </param>
            <param index="4">
              <value>
                <![CDATA[Delhi]]>
              </value>
            </param>
            <param index="5">
              <value>
                <![CDATA[1234]]>
              </value>
            </param>
            <param index="6">
              <value>
                <![CDATA[Siya]]>
              </value>
            </param>
          </params>
          <reporter-output>
          </reporter-output>
        </test-method> <!-- verifyMultipleBookings -->
        <test-method is-config="true" signature="tearDown()[pri:0, instance:com.Blazedemo.Tests.FlightBookingTest@2bec854f]" started-at="2026-02-24T14:06:57 IST" name="tearDown" finished-at="2026-02-24T14:06:57 IST" duration-ms="156" status="PASS">
          <reporter-output>
          </reporter-output>
        </test-method> <!-- tearDown -->
        <test-method is-config="true" signature="setup()[pri:0, instance:com.Blazedemo.Tests.FlightBookingTest@2bec854f]" started-at="2026-02-24T14:06:57 IST" name="setup" finished-at="2026-02-24T14:06:59 IST" duration-ms="1823" status="PASS">
          <reporter-output>
          </reporter-output>
        </test-method> <!-- setup -->
        <test-method signature="verifyMultipleBookings(java.lang.String,java.lang.String,java.lang.String,java.lang.String,java.lang.String,java.lang.String,java.lang.String)[pri:0, instance:com.Blazedemo.Tests.FlightBookingTest@2bec854f]" started-at="2026-02-24T14:06:59 IST" name="verifyMultipleBookings" data-provider="bookingData" finished-at="2026-02-24T14:07:02 IST" duration-ms="2809" status="PASS">
          <params>
            <param index="0">
              <value>
                <![CDATA[Paris]]>
              </value>
            </param>
            <param index="1">
              <value>
                <![CDATA[London]]>
              </value>
            </param>
            <param index="2">
              <value>
                <![CDATA[Arun]]>
              </value>
            </param>
            <param index="3">
              <value>
                <![CDATA[Lake View]]>
              </value>
            </param>
            <param index="4">
              <value>
                <![CDATA[Mumbai]]>
              </value>
            </param>
            <param index="5">
              <value>
                <![CDATA[4567]]>
              </value>
            </param>
            <param index="6">
              <value>
                <![CDATA[Arun]]>
              </value>
            </param>
          </params>
          <reporter-output>
          </reporter-output>
        </test-method> <!-- verifyMultipleBookings -->
        <test-method is-config="true" signature="tearDown()[pri:0, instance:com.Blazedemo.Tests.FlightBookingTest@2bec854f]" started-at="2026-02-24T14:07:02 IST" name="tearDown" finished-at="2026-02-24T14:07:02 IST" duration-ms="151" status="PASS">
          <reporter-output>
          </reporter-output>
        </test-method> <!-- tearDown -->
        <test-method is-config="true" signature="setup()[pri:0, instance:com.Blazedemo.Tests.FlightBookingTest@2bec854f]" started-at="2026-02-24T14:07:02 IST" name="setup" finished-at="2026-02-24T14:07:04 IST" duration-ms="1715" status="PASS">
          <reporter-output>
          </reporter-output>
        </test-method> <!-- setup -->
        <test-method signature="verifyMultipleBookings(java.lang.String,java.lang.String,java.lang.String,java.lang.String,java.lang.String,java.lang.String,java.lang.String)[pri:0, instance:com.Blazedemo.Tests.FlightBookingTest@2bec854f]" started-at="2026-02-24T14:07:04 IST" name="verifyMultipleBookings" data-provider="bookingData" finished-at="2026-02-24T14:07:06 IST" duration-ms="2310" status="PASS">
          <params>
            <param index="0">
              <value>
                <![CDATA[Boston]]>
              </value>
            </param>
            <param index="1">
              <value>
                <![CDATA[London]]>
              </value>
            </param>
            <param index="2">
              <value>
                <![CDATA[Sneha]]>
              </value>
            </param>
            <param index="3">
              <value>
                <![CDATA[Hill Road]]>
              </value>
            </param>
            <param index="4">
              <value>
                <![CDATA[Pune]]>
              </value>
            </param>
            <param index="5">
              <value>
                <![CDATA[7890]]>
              </value>
            </param>
            <param index="6">
              <value>
                <![CDATA[Sneha]]>
              </value>
            </param>
          </params>
          <reporter-output>
          </reporter-output>
        </test-method> <!-- verifyMultipleBookings -->
        <test-method is-config="true" signature="tearDown()[pri:0, instance:com.Blazedemo.Tests.FlightBookingTest@2bec854f]" started-at="2026-02-24T14:07:06 IST" name="tearDown" finished-at="2026-02-24T14:07:06 IST" duration-ms="156" status="PASS">
          <reporter-output>
          </reporter-output>
        </test-method> <!-- tearDown -->
      </class> <!-- com.Blazedemo.Tests.FlightBookingTest -->
    </test> <!-- Functional Tests -->
    <test started-at="2026-02-24T14:07:06 IST" name="Negative Tests" finished-at="2026-02-24T14:07:22 IST" duration-ms="15602">
      <class name="com.Blazedemo.Tests.FlightBookingNegativeTest">
        <test-method is-config="true" signature="setup()[pri:0, instance:com.Blazedemo.Tests.FlightBookingNegativeTest@51a9ad5e]" started-at="2026-02-24T14:07:06 IST" name="setup" finished-at="2026-02-24T14:07:08 IST" duration-ms="1739" status="PASS">
          <reporter-output>
          </reporter-output>
        </test-method> <!-- setup -->
        <test-method signature="testBlankcreditcard()[pri:0, instance:com.Blazedemo.Tests.FlightBookingNegativeTest@51a9ad5e]" started-at="2026-02-24T14:07:08 IST" name="testBlankcreditcard" finished-at="2026-02-24T14:07:10 IST" duration-ms="2209" status="FAIL">
          <exception class="java.lang.AssertionError">
            <message>
              <![CDATA[Test Fail expected [false] but found [true]]]>
            </message>
            <full-stacktrace>
              <![CDATA[java.lang.AssertionError: Test Fail expected [false] but found [true]
at org.testng.Assert.fail(Assert.java:111)
at org.testng.Assert.failNotEquals(Assert.java:1590)
at org.testng.Assert.assertFalse(Assert.java:79)
at com.Blazedemo.Tests.FlightBookingNegativeTest.testBlankcreditcard(FlightBookingNegativeTest.java:30)
at java.base/jdk.internal.reflect.DirectMethodHandleAccessor.invoke(DirectMethodHandleAccessor.java:103)
at java.base/java.lang.reflect.Method.invoke(Method.java:580)
at org.testng.internal.invokers.MethodInvocationHelper.invokeMethod(MethodInvocationHelper.java:141)
at org.testng.internal.invokers.TestInvoker.invokeMethod(TestInvoker.java:687)
at org.testng.internal.invokers.TestInvoker.invokeTestMethod(TestInvoker.java:230)
at org.testng.internal.invokers.MethodRunner.runInSequence(MethodRunner.java:63)
at org.testng.internal.invokers.TestInvoker$MethodInvocationAgent.invoke(TestInvoker.java:995)
at org.testng.internal.invokers.TestInvoker.invokeTestMethods(TestInvoker.java:203)
at org.testng.internal.invokers.TestMethodWorker.invokeTestMethods(TestMethodWorker.java:154)
at org.testng.internal.invokers.TestMethodWorker.run(TestMethodWorker.java:134)
at java.base/java.util.ArrayList.forEach(ArrayList.java:1596)
at org.testng.TestRunner.privateRun(TestRunner.java:741)
at org.testng.TestRunner.run(TestRunner.java:616)
at org.testng.SuiteRunner.runTest(SuiteRunner.java:421)
at org.testng.SuiteRunner.runSequentially(SuiteRunner.java:413)
at org.testng.SuiteRunner.privateRun(SuiteRunner.java:373)
at org.testng.SuiteRunner.run(SuiteRunner.java:312)
at org.testng.SuiteRunnerWorker.runSuite(SuiteRunnerWorker.java:52)
at org.testng.SuiteRunnerWorker.run(SuiteRunnerWorker.java:95)
at org.testng.TestNG.runSuitesSequentially(TestNG.java:1274)
at org.testng.TestNG.runSuitesLocally(TestNG.java:1208)
at org.testng.TestNG.runSuites(TestNG.java:1112)
at org.testng.TestNG.run(TestNG.java:1079)
at org.testng.remote.AbstractRemoteTestNG.run(AbstractRemoteTestNG.java:115)
at org.testng.remote.RemoteTestNG.initAndRun(RemoteTestNG.java:293)
at org.testng.remote.RemoteTestNG.main(RemoteTestNG.java:91)
]]>
            </full-stacktrace>
          </exception> <!-- java.lang.AssertionError -->
          <reporter-output>
          </reporter-output>
        </test-method> <!-- testBlankcreditcard -->
        <test-method is-config="true" signature="tearDown()[pri:0, instance:com.Blazedemo.Tests.FlightBookingNegativeTest@51a9ad5e]" started-at="2026-02-24T14:07:10 IST" name="tearDown" finished-at="2026-02-24T14:07:11 IST" duration-ms="167" status="PASS">
          <reporter-output>
          </reporter-output>
        </test-method> <!-- tearDown -->
        <test-method is-config="true" signature="setup()[pri:0, instance:com.Blazedemo.Tests.FlightBookingNegativeTest@51a9ad5e]" started-at="2026-02-24T14:07:11 IST" name="setup" finished-at="2026-02-24T14:07:12 IST" duration-ms="1786" status="PASS">
          <reporter-output>
          </reporter-output>
        </test-method> <!-- setup -->
        <test-method signature="testEmptyField()[pri:0, instance:com.Blazedemo.Tests.FlightBookingNegativeTest@51a9ad5e]" started-at="2026-02-24T14:07:12 IST" name="testEmptyField" finished-at="2026-02-24T14:07:15 IST" duration-ms="2274" status="FAIL">
          <exception class="java.lang.AssertionError">
            <message>
              <![CDATA[Test Fail expected [false] but found [true]]]>
            </message>
            <full-stacktrace>
              <![CDATA[java.lang.AssertionError: Test Fail expected [false] but found [true]
at org.testng.Assert.fail(Assert.java:111)
at org.testng.Assert.failNotEquals(Assert.java:1590)
at org.testng.Assert.assertFalse(Assert.java:79)
at com.Blazedemo.Tests.FlightBookingNegativeTest.testEmptyField(FlightBookingNegativeTest.java:72)
at java.base/jdk.internal.reflect.DirectMethodHandleAccessor.invoke(DirectMethodHandleAccessor.java:103)
at java.base/java.lang.reflect.Method.invoke(Method.java:580)
at org.testng.internal.invokers.MethodInvocationHelper.invokeMethod(MethodInvocationHelper.java:141)
at org.testng.internal.invokers.TestInvoker.invokeMethod(TestInvoker.java:687)
at org.testng.internal.invokers.TestInvoker.invokeTestMethod(TestInvoker.java:230)
at org.testng.internal.invokers.MethodRunner.runInSequence(MethodRunner.java:63)
at org.testng.internal.invokers.TestInvoker$MethodInvocationAgent.invoke(TestInvoker.java:995)
at org.testng.internal.invokers.TestInvoker.invokeTestMethods(TestInvoker.java:203)
at org.testng.internal.invokers.TestMethodWorker.invokeTestMethods(TestMethodWorker.java:154)
at org.testng.internal.invokers.TestMethodWorker.run(TestMethodWorker.java:134)
at java.base/java.util.ArrayList.forEach(ArrayList.java:1596)
at org.testng.TestRunner.privateRun(TestRunner.java:741)
at org.testng.TestRunner.run(TestRunner.java:616)
at org.testng.SuiteRunner.runTest(SuiteRunner.java:421)
at org.testng.SuiteRunner.runSequentially(SuiteRunner.java:413)
at org.testng.SuiteRunner.privateRun(SuiteRunner.java:373)
at org.testng.SuiteRunner.run(SuiteRunner.java:312)
at org.testng.SuiteRunnerWorker.runSuite(SuiteRunnerWorker.java:52)
at org.testng.SuiteRunnerWorker.run(SuiteRunnerWorker.java:95)
at org.testng.TestNG.runSuitesSequentially(TestNG.java:1274)
at org.testng.TestNG.runSuitesLocally(TestNG.java:1208)
at org.testng.TestNG.runSuites(TestNG.java:1112)
at org.testng.TestNG.run(TestNG.java:1079)
at org.testng.remote.AbstractRemoteTestNG.run(AbstractRemoteTestNG.java:115)
at org.testng.remote.RemoteTestNG.initAndRun(RemoteTestNG.java:293)
at org.testng.remote.RemoteTestNG.main(RemoteTestNG.java:91)
]]>
            </full-stacktrace>
          </exception> <!-- java.lang.AssertionError -->
          <reporter-output>
          </reporter-output>
        </test-method> <!-- testEmptyField -->
        <test-method is-config="true" signature="tearDown()[pri:0, instance:com.Blazedemo.Tests.FlightBookingNegativeTest@51a9ad5e]" started-at="2026-02-24T14:07:15 IST" name="tearDown" finished-at="2026-02-24T14:07:15 IST" duration-ms="170" status="PASS">
          <reporter-output>
          </reporter-output>
        </test-method> <!-- tearDown -->
        <test-method is-config="true" signature="setup()[pri:0, instance:com.Blazedemo.Tests.FlightBookingNegativeTest@51a9ad5e]" started-at="2026-02-24T14:07:15 IST" name="setup" finished-at="2026-02-24T14:07:17 IST" duration-ms="1817" status="PASS">
          <reporter-output>
          </reporter-output>
        </test-method> <!-- setup -->
        <test-method signature="testSameCities()[pri:0, instance:com.Blazedemo.Tests.FlightBookingNegativeTest@51a9ad5e]" started-at="2026-02-24T14:07:17 IST" name="testSameCities" finished-at="2026-02-24T14:07:17 IST" duration-ms="306" status="FAIL">
          <exception class="org.openqa.selenium.NoSuchElementException">
            <message>
              <![CDATA[Cannot locate option with text: Boston
For documentation on this error, please visit: https://www.selenium.dev/documentation/webdriver/troubleshooting/errors#nosuchelementexception
Build info: version: '4.38.0', revision: '6b412e825c*'
System info: os.name: 'Windows 11', os.arch: 'amd64', os.version: '10.0', java.version: '21.0.10'
Driver info: driver.version: unknown]]>
            </message>
            <full-stacktrace>
              <![CDATA[org.openqa.selenium.NoSuchElementException: Cannot locate option with text: Boston
For documentation on this error, please visit: https://www.selenium.dev/documentation/webdriver/troubleshooting/errors#nosuchelementexception
Build info: version: '4.38.0', revision: '6b412e825c*'
System info: os.name: 'Windows 11', os.arch: 'amd64', os.version: '10.0', java.version: '21.0.10'
Driver info: driver.version: unknown
at org.openqa.selenium.support.ui.Select.selectByVisibleText(Select.java:397)
at org.openqa.selenium.support.ui.Select.selectByVisibleText(Select.java:125)
at com.Blazedemo.Pages.HomePage.selectCities(HomePage.java:63)
at com.Blazedemo.Tests.FlightBookingNegativeTest.testSameCities(FlightBookingNegativeTest.java:82)
at java.base/jdk.internal.reflect.DirectMethodHandleAccessor.invoke(DirectMethodHandleAccessor.java:103)
at java.base/java.lang.reflect.Method.invoke(Method.java:580)
at org.testng.internal.invokers.MethodInvocationHelper.invokeMethod(MethodInvocationHelper.java:141)
at org.testng.internal.invokers.TestInvoker.invokeMethod(TestInvoker.java:687)
at org.testng.internal.invokers.TestInvoker.invokeTestMethod(TestInvoker.java:230)
at org.testng.internal.invokers.MethodRunner.runInSequence(MethodRunner.java:63)
at org.testng.internal.invokers.TestInvoker$MethodInvocationAgent.invoke(TestInvoker.java:995)
at org.testng.internal.invokers.TestInvoker.invokeTestMethods(TestInvoker.java:203)
at org.testng.internal.invokers.TestMethodWorker.invokeTestMethods(TestMethodWorker.java:154)
at org.testng.internal.invokers.TestMethodWorker.run(TestMethodWorker.java:134)
at java.base/java.util.ArrayList.forEach(ArrayList.java:1596)
at org.testng.TestRunner.privateRun(TestRunner.java:741)
at org.testng.TestRunner.run(TestRunner.java:616)
at org.testng.SuiteRunner.runTest(SuiteRunner.java:421)
at org.testng.SuiteRunner.runSequentially(SuiteRunner.java:413)
at org.testng.SuiteRunner.privateRun(SuiteRunner.java:373)
at org.testng.SuiteRunner.run(SuiteRunner.java:312)
at org.testng.SuiteRunnerWorker.runSuite(SuiteRunnerWorker.java:52)
at org.testng.SuiteRunnerWorker.run(SuiteRunnerWorker.java:95)
at org.testng.TestNG.runSuitesSequentially(TestNG.java:1274)
at org.testng.TestNG.runSuitesLocally(TestNG.java:1208)
at org.testng.TestNG.runSuites(TestNG.java:1112)
at org.testng.TestNG.run(TestNG.java:1079)
at org.testng.remote.AbstractRemoteTestNG.run(AbstractRemoteTestNG.java:115)
at org.testng.remote.RemoteTestNG.initAndRun(RemoteTestNG.java:293)
at org.testng.remote.RemoteTestNG.main(RemoteTestNG.java:91)
]]>
            </full-stacktrace>
          </exception> <!-- org.openqa.selenium.NoSuchElementException -->
          <reporter-output>
          </reporter-output>
        </test-method> <!-- testSameCities -->
        <test-method is-config="true" signature="tearDown()[pri:0, instance:com.Blazedemo.Tests.FlightBookingNegativeTest@51a9ad5e]" started-at="2026-02-24T14:07:17 IST" name="tearDown" finished-at="2026-02-24T14:07:17 IST" duration-ms="167" status="PASS">
          <reporter-output>
          </reporter-output>
        </test-method> <!-- tearDown -->
        <test-method is-config="true" signature="setup()[pri:0, instance:com.Blazedemo.Tests.FlightBookingNegativeTest@51a9ad5e]" started-at="2026-02-24T14:07:17 IST" name="setup" finished-at="2026-02-24T14:07:19 IST" duration-ms="1670" status="PASS">
          <reporter-output>
          </reporter-output>
        </test-method> <!-- setup -->
        <test-method signature="testinvalidcardno()[pri:0, instance:com.Blazedemo.Tests.FlightBookingNegativeTest@51a9ad5e]" started-at="2026-02-24T14:07:19 IST" name="testinvalidcardno" finished-at="2026-02-24T14:07:21 IST" duration-ms="2324" status="FAIL">
          <exception class="java.lang.AssertionError">
            <message>
              <![CDATA[Test Fail expected [false] but found [true]]]>
            </message>
            <full-stacktrace>
              <![CDATA[java.lang.AssertionError: Test Fail expected [false] but found [true]
at org.testng.Assert.fail(Assert.java:111)
at org.testng.Assert.failNotEquals(Assert.java:1590)
at org.testng.Assert.assertFalse(Assert.java:79)
at com.Blazedemo.Tests.FlightBookingNegativeTest.testinvalidcardno(FlightBookingNegativeTest.java:51)
at java.base/jdk.internal.reflect.DirectMethodHandleAccessor.invoke(DirectMethodHandleAccessor.java:103)
at java.base/java.lang.reflect.Method.invoke(Method.java:580)
at org.testng.internal.invokers.MethodInvocationHelper.invokeMethod(MethodInvocationHelper.java:141)
at org.testng.internal.invokers.TestInvoker.invokeMethod(TestInvoker.java:687)
at org.testng.internal.invokers.TestInvoker.invokeTestMethod(TestInvoker.java:230)
at org.testng.internal.invokers.MethodRunner.runInSequence(MethodRunner.java:63)
at org.testng.internal.invokers.TestInvoker$MethodInvocationAgent.invoke(TestInvoker.java:995)
at org.testng.internal.invokers.TestInvoker.invokeTestMethods(TestInvoker.java:203)
at org.testng.internal.invokers.TestMethodWorker.invokeTestMethods(TestMethodWorker.java:154)
at org.testng.internal.invokers.TestMethodWorker.run(TestMethodWorker.java:134)
at java.base/java.util.ArrayList.forEach(ArrayList.java:1596)
at org.testng.TestRunner.privateRun(TestRunner.java:741)
at org.testng.TestRunner.run(TestRunner.java:616)
at org.testng.SuiteRunner.runTest(SuiteRunner.java:421)
at org.testng.SuiteRunner.runSequentially(SuiteRunner.java:413)
at org.testng.SuiteRunner.privateRun(SuiteRunner.java:373)
at org.testng.SuiteRunner.run(SuiteRunner.java:312)
at org.testng.SuiteRunnerWorker.runSuite(SuiteRunnerWorker.java:52)
at org.testng.SuiteRunnerWorker.run(SuiteRunnerWorker.java:95)
at org.testng.TestNG.runSuitesSequentially(TestNG.java:1274)
at org.testng.TestNG.runSuitesLocally(TestNG.java:1208)
at org.testng.TestNG.runSuites(TestNG.java:1112)
at org.testng.TestNG.run(TestNG.java:1079)
at org.testng.remote.AbstractRemoteTestNG.run(AbstractRemoteTestNG.java:115)
at org.testng.remote.RemoteTestNG.initAndRun(RemoteTestNG.java:293)
at org.testng.remote.RemoteTestNG.main(RemoteTestNG.java:91)
]]>
            </full-stacktrace>
          </exception> <!-- java.lang.AssertionError -->
          <reporter-output>
          </reporter-output>
        </test-method> <!-- testinvalidcardno -->
        <test-method is-config="true" signature="tearDown()[pri:0, instance:com.Blazedemo.Tests.FlightBookingNegativeTest@51a9ad5e]" started-at="2026-02-24T14:07:22 IST" name="tearDown" finished-at="2026-02-24T14:07:22 IST" duration-ms="171" status="PASS">
          <reporter-output>
          </reporter-output>
        </test-method> <!-- tearDown -->
      </class> <!-- com.Blazedemo.Tests.FlightBookingNegativeTest -->
    </test> <!-- Negative Tests -->
  </suite> <!-- BlazeDemo Suite -->
</testng-results>
