<?xml version="1.0" encoding="UTF-8"?>
<!-- Generated by org.testng.reporters.JUnitReportReporter -->
<testsuite hostname="DESKTOP-JNU777G" failures="0" tests="5" name="com.Blazedemo.Tests.FlightBookingTest" time="20.379" errors="0" timestamp="2026-02-24T14:07:22 IST" skipped="0">
  <testcase classname="com.Blazedemo.Tests.FlightBookingTest" name="verifyMultipleBookings" time="4.337"/>
  <testcase classname="com.Blazedemo.Tests.FlightBookingTest" name="flightbooking" time="4.269"/>
  <testcase classname="com.Blazedemo.Tests.FlightBookingTest" name="verifyMultipleBookings" time="4.793"/>
  <testcase classname="com.Blazedemo.Tests.FlightBookingTest" name="verifyMultipleBookings" time="4.181"/>
  <testcase classname="com.Blazedemo.Tests.FlightBookingTest" name="homepageDropdown" time="2.799"/>
</testsuite> <!-- com.Blazedemo.Tests.FlightBookingTest -->
