<?xml version="1.0" encoding="UTF-8"?>
<!-- Generated by org.testng.reporters.JUnitReportReporter -->
<testsuite hostname="DESKTOP-JNU777G" failures="0" tests="4" name="com.Blazedemo.Tests.FlightBookingTest" time="45.491" errors="0" timestamp="2026-02-24T00:36:12 IST" skipped="0">
  <testcase classname="com.Blazedemo.Tests.FlightBookingTest" name="verifyMultipleBookings" time="12.989"/>
  <testcase classname="com.Blazedemo.Tests.FlightBookingTest" name="flightbooking" time="9.295"/>
  <testcase classname="com.Blazedemo.Tests.FlightBookingTest" name="verifyMultipleBookings" time="8.477"/>
  <testcase classname="com.Blazedemo.Tests.FlightBookingTest" name="verifyMultipleBookings" time="14.730"/>
</testsuite> <!-- com.Blazedemo.Tests.FlightBookingTest -->
